Using pre-set license
Built from '2020.3/staging' branch; Version is '2020.3.25f1 (9b9180224418) revision 10195328'; Using compiler version '192528614'; Build Type 'Release'
OS: 'Windows 11  (10.0.22000) 64bit Core' Language: 'en' Physical Memory: 16218 MB
BatchMode: 1, IsHumanControllingUs: 0, StartBugReporterOnCrash: 0, Is64bit: 1, IsPro: 0

COMMAND LINE ARGUMENTS:
C:\Program Files\Unity\Hub\Editor\2020.3.25f1\Editor\Unity.exe
-adb2
-batchMode
-noUpm
-name
AssetImportWorker0
-projectPath
C:/Users/arman/OneDrive/Desktop/315_Prototype1/DaynNight
-logFile
Logs/AssetImportWorker0.log
-srvPort
58291
Successfully changed project path to: C:/Users/arman/OneDrive/Desktop/315_Prototype1/DaynNight
C:/Users/arman/OneDrive/Desktop/315_Prototype1/DaynNight
Using Asset Import Pipeline V2.
Refreshing native plugins compatible for Editor in 27.07 ms, found 2 plugins.
Preloading 0 native plugins for Editor in 0.00 ms.
Initialize engine version: 2020.3.25f1 (9b9180224418)
[Subsystems] Discovering subsystems at path C:/Program Files/Unity/Hub/Editor/2020.3.25f1/Editor/Data/Resources/UnitySubsystems
[Subsystems] Discovering subsystems at path C:/Users/arman/OneDrive/Desktop/315_Prototype1/DaynNight/Assets
GfxDevice: creating device client; threaded=0
Direct3D:
    Version:  Direct3D 11.0 [level 11.1]
    Renderer: NVIDIA GeForce RTX 3050 Ti Laptop GPU (ID=0x25a0)
    Vendor:   
    VRAM:     3993 MB
    Driver:   27.21.14.6259
Initialize mono
Mono path[0] = 'C:/Program Files/Unity/Hub/Editor/2020.3.25f1/Editor/Data/Managed'
Mono path[1] = 'C:/Program Files/Unity/Hub/Editor/2020.3.25f1/Editor/Data/MonoBleedingEdge/lib/mono/unityjit'
Mono config path = 'C:/Program Files/Unity/Hub/Editor/2020.3.25f1/Editor/Data/MonoBleedingEdge/etc'
Using monoOptions --debugger-agent=transport=dt_socket,embedding=1,server=y,suspend=n,address=127.0.0.1:56580
Begin MonoManager ReloadAssembly
Registering precompiled unity dll's ...
Register platform support module: C:/Program Files/Unity/Hub/Editor/2020.3.25f1/Editor/Data/PlaybackEngines/WindowsStandaloneSupport/UnityEditor.WindowsStandalone.Extensions.dll
Registered in 0.001422 seconds.
Native extension for WindowsStandalone target not found
Refreshing native plugins compatible for Editor in 54.88 ms, found 2 plugins.
Preloading 0 native plugins for Editor in 0.00 ms.
Mono: successfully reloaded assembly
- Completed reload, in  0.644 seconds
Domain Reload Profiling:
	ReloadAssembly (644ms)
		BeginReloadAssembly (60ms)
			ExecutionOrderSort (0ms)
			DisableScriptedObjects (0ms)
			BackupInstance (0ms)
			ReleaseScriptingObjects (0ms)
			CreateAndSetChildDomain (1ms)
		EndReloadAssembly (505ms)
			LoadAssemblies (58ms)
			RebuildTransferFunctionScriptingTraits (0ms)
			SetupTypeCache (157ms)
			ReleaseScriptCaches (0ms)
			RebuildScriptCaches (36ms)
			SetupLoadedEditorAssemblies (209ms)
				LogAssemblyErrors (0ms)
				InitializePlatformSupportModulesInManaged (4ms)
				SetLoadedEditorAssemblies (0ms)
				RefreshPlugins (55ms)
				BeforeProcessingInitializeOnLoad (29ms)
				ProcessInitializeOnLoadAttributes (90ms)
				ProcessInitializeOnLoadMethodAttributes (31ms)
				AfterProcessingInitializeOnLoad (0ms)
				EditorAssembliesLoaded (0ms)
			ExecutionOrderSort2 (0ms)
			AwakeInstancesAfterBackupRestoration (0ms)
Platform modules already initialized, skipping
Registering precompiled user dll's ...
Registered in 0.003311 seconds.
Begin MonoManager ReloadAssembly
Native extension for WindowsStandalone target not found
Refreshing native plugins compatible for Editor in 0.30 ms, found 2 plugins.
Preloading 0 native plugins for Editor in 0.00 ms.
Mono: successfully reloaded assembly
- Completed reload, in  0.947 seconds
Domain Reload Profiling:
	ReloadAssembly (948ms)
		BeginReloadAssembly (175ms)
			ExecutionOrderSort (0ms)
			DisableScriptedObjects (4ms)
			BackupInstance (0ms)
			ReleaseScriptingObjects (0ms)
			CreateAndSetChildDomain (32ms)
		EndReloadAssembly (720ms)
			LoadAssemblies (114ms)
			RebuildTransferFunctionScriptingTraits (0ms)
			SetupTypeCache (239ms)
			ReleaseScriptCaches (0ms)
			RebuildScriptCaches (34ms)
			SetupLoadedEditorAssemblies (269ms)
				LogAssemblyErrors (0ms)
				InitializePlatformSupportModulesInManaged (4ms)
				SetLoadedEditorAssemblies (0ms)
				RefreshPlugins (0ms)
				BeforeProcessingInitializeOnLoad (68ms)
				ProcessInitializeOnLoadAttributes (183ms)
				ProcessInitializeOnLoadMethodAttributes (9ms)
				AfterProcessingInitializeOnLoad (4ms)
				EditorAssembliesLoaded (0ms)
			ExecutionOrderSort2 (0ms)
			AwakeInstancesAfterBackupRestoration (7ms)
Platform modules already initialized, skipping
========================================================================
Worker process is ready to serve import requests
Launched and connected shader compiler UnityShaderCompiler.exe after 0.07 seconds
Refreshing native plugins compatible for Editor in 0.33 ms, found 2 plugins.
Preloading 0 native plugins for Editor in 0.00 ms.
Unloading 1500 Unused Serialized files (Serialized files now loaded: 0)
System memory in use before: 67.4 MB.
System memory in use after: 67.5 MB.

Unloading 19 unused Assets to reduce memory usage. Loaded Objects now: 1932.
Total: 2.181600 ms (FindLiveObjects: 0.110000 ms CreateObjectMapping: 0.053300 ms MarkObjects: 1.949100 ms  DeleteObjects: 0.067900 ms)

AssetImportParameters requested are different than current active one (requested -> active):
  custom:framework-win-MediaFoundation: 216162199b28c13a410421893ffa2e32 -> 
  custom:video-decoder-ogg-theora: a1e56fd34408186e4bbccfd4996cb3dc -> 
  custom:container-muxer-webm: aa71ff27fc2769a1b78a27578f13a17b -> 
  custom:container-demuxer-webm: 4f35f7cbe854078d1ac9338744f61a02 -> 
  custom:container-demuxer-ogg: 62fdf1f143b41e24485cea50d1cbac27 -> 
  custom:video-encoder-webm-vp8: eb34c28f22e8b96e1ab97ce403110664 -> 
  custom:video-codec-MediaFoundation-h265: 746d11721c4dcdbdad8f713fa42b33f4 -> 
  custom:video-decoder-webm-vp8: 9c59270c3fd7afecdb556c50c9e8de78 -> 
  custom:audio-decoder-ogg-vorbis: bf7c407c2cedff20999df2af8eb42d56 -> 
  custom:audio-encoder-webm-vorbis: bf7c407c2cedff20999df2af8eb42d56 -> 
========================================================================
Received Import Request.
  path: Assets/SimpleNaturePack
  artifactKey: Guid(751958cdde0123f4bb20130fe25a0301) Importer(815301076,1909f56bfc062723c751e8b465ee728b)
Start importing Assets/SimpleNaturePack using Guid(751958cdde0123f4bb20130fe25a0301) Importer(815301076,1909f56bfc062723c751e8b465ee728b)  -> (artifact id: '1d28291cd98209be58618d506814ced6') in 0.010863 seconds 
  Import took 0.013396 seconds .

========================================================================
Received Import Request.
  Time since last request: 12.137686 seconds.
  path: Assets/SimpleNaturePack/Models
  artifactKey: Guid(f2460ba6bbb1eee41b63499dcba676dc) Importer(815301076,1909f56bfc062723c751e8b465ee728b)
Start importing Assets/SimpleNaturePack/Models using Guid(f2460ba6bbb1eee41b63499dcba676dc) Importer(815301076,1909f56bfc062723c751e8b465ee728b)  -> (artifact id: '1ce4a79d7ca93a527dae89e3f40e776b') in 0.013354 seconds 
  Import took 0.016532 seconds .

========================================================================
Received Import Request.
  Time since last request: 4.752507 seconds.
  path: Assets/SimpleNaturePack/Prefabs/Branch_01.prefab
  artifactKey: Guid(b9de24523a11d714db3851b5f0f9d527) Importer(815301076,1909f56bfc062723c751e8b465ee728b)
Start importing Assets/SimpleNaturePack/Prefabs/Branch_01.prefab using Guid(b9de24523a11d714db3851b5f0f9d527) Importer(815301076,1909f56bfc062723c751e8b465ee728b)  -> (artifact id: 'ec7899036460a8332045a537c6815d76') in 0.330308 seconds 
  Import took 0.332846 seconds .

========================================================================
Received Import Request.
  Time since last request: 0.000177 seconds.
  path: Assets/SimpleNaturePack/Prefabs/Grass_01.prefab
  artifactKey: Guid(f1fc5bb90ac285e4486771552d63bcb8) Importer(815301076,1909f56bfc062723c751e8b465ee728b)
Start importing Assets/SimpleNaturePack/Prefabs/Grass_01.prefab using Guid(f1fc5bb90ac285e4486771552d63bcb8) Importer(815301076,1909f56bfc062723c751e8b465ee728b)  -> (artifact id: 'f1a673f153d198be52a727898ec7343c') in 0.018503 seconds 
  Import took 0.021622 seconds .

========================================================================
Received Import Request.
  Time since last request: 0.000303 seconds.
  path: Assets/SimpleNaturePack/Prefabs/Rock_02.prefab
  artifactKey: Guid(cebfacc247a640945a2c30b442202fca) Importer(815301076,1909f56bfc062723c751e8b465ee728b)
Start importing Assets/SimpleNaturePack/Prefabs/Rock_02.prefab using Guid(cebfacc247a640945a2c30b442202fca) Importer(815301076,1909f56bfc062723c751e8b465ee728b)  -> (artifact id: '220ea1d41af1a94e6a957d8219bb065b') in 0.024484 seconds 
  Import took 0.028194 seconds .

========================================================================
Received Import Request.
  Time since last request: 0.000283 seconds.
  path: Assets/SimpleNaturePack/Prefabs/Tree_01.prefab
  artifactKey: Guid(88f2fd29f58b9734683512546acec310) Importer(815301076,1909f56bfc062723c751e8b465ee728b)
Start importing Assets/SimpleNaturePack/Prefabs/Tree_01.prefab using Guid(88f2fd29f58b9734683512546acec310) Importer(815301076,1909f56bfc062723c751e8b465ee728b)  -> (artifact id: '4fde42ab63014b6c6d102805a4076265') in 0.019399 seconds 
  Import took 0.022690 seconds .

========================================================================
Received Import Request.
  Time since last request: 0.000212 seconds.
  path: Assets/SimpleNaturePack/Prefabs/Rock_04.prefab
  artifactKey: Guid(f02116c209ecd9e488fc4d2cd8996133) Importer(815301076,1909f56bfc062723c751e8b465ee728b)
Start importing Assets/SimpleNaturePack/Prefabs/Rock_04.prefab using Guid(f02116c209ecd9e488fc4d2cd8996133) Importer(815301076,1909f56bfc062723c751e8b465ee728b)  -> (artifact id: '9ad0b384493c49caef44846abab1a610') in 0.018690 seconds 
  Import took 0.022225 seconds .

========================================================================
Received Import Request.
  Time since last request: 0.000251 seconds.
  path: Assets/SimpleNaturePack/Prefabs/Ground_01.prefab
  artifactKey: Guid(ebee340de387f334f9ac44e044abd8fb) Importer(815301076,1909f56bfc062723c751e8b465ee728b)
Start importing Assets/SimpleNaturePack/Prefabs/Ground_01.prefab using Guid(ebee340de387f334f9ac44e044abd8fb) Importer(815301076,1909f56bfc062723c751e8b465ee728b)  -> (artifact id: 'e0accb524da7ee46564bc25f3d106b6d') in 0.019243 seconds 
  Import took 0.023126 seconds .

========================================================================
Received Import Request.
  Time since last request: 0.000278 seconds.
  path: Assets/SimpleNaturePack/Prefabs/Mushroom_01.prefab
  artifactKey: Guid(ff62b58c5a9ea164fa8ddf8038e10cd1) Importer(815301076,1909f56bfc062723c751e8b465ee728b)
Start importing Assets/SimpleNaturePack/Prefabs/Mushroom_01.prefab using Guid(ff62b58c5a9ea164fa8ddf8038e10cd1) Importer(815301076,1909f56bfc062723c751e8b465ee728b)  -> (artifact id: 'f1aaf56a3a12f5f51a562d085a6eb8fd') in 0.017345 seconds 
  Import took 0.020998 seconds .

========================================================================
Received Import Request.
  Time since last request: 0.000238 seconds.
  path: Assets/SimpleNaturePack/Prefabs/Ground_03.prefab
  artifactKey: Guid(3f9b178ccd3b86f4ebbfc1f5a2815e56) Importer(815301076,1909f56bfc062723c751e8b465ee728b)
Start importing Assets/SimpleNaturePack/Prefabs/Ground_03.prefab using Guid(3f9b178ccd3b86f4ebbfc1f5a2815e56) Importer(815301076,1909f56bfc062723c751e8b465ee728b)  -> (artifact id: 'f96d41aaecc730cee7c709e2525f0e97') in 0.020983 seconds 
  Import took 0.024226 seconds .

========================================================================
Received Import Request.
  Time since last request: 0.000217 seconds.
  path: Assets/SimpleNaturePack/Prefabs/Mushroom_02.prefab
  artifactKey: Guid(494f6d43e170e9145bc7865d243ee00b) Importer(815301076,1909f56bfc062723c751e8b465ee728b)
Start importing Assets/SimpleNaturePack/Prefabs/Mushroom_02.prefab using Guid(494f6d43e170e9145bc7865d243ee00b) Importer(815301076,1909f56bfc062723c751e8b465ee728b)  -> (artifact id: '1f90b3539ca98aa8f2fe26e4f390cd30') in 0.023142 seconds 
  Import took 0.027000 seconds .

========================================================================
Received Import Request.
  Time since last request: 0.000205 seconds.
  path: Assets/SimpleNaturePack/Prefabs/Stump_01.prefab
  artifactKey: Guid(eebb56c82efbd8d4bb0eb6bd925a0e9d) Importer(815301076,1909f56bfc062723c751e8b465ee728b)
Start importing Assets/SimpleNaturePack/Prefabs/Stump_01.prefab using Guid(eebb56c82efbd8d4bb0eb6bd925a0e9d) Importer(815301076,1909f56bfc062723c751e8b465ee728b)  -> (artifact id: 'fb4c60d00fd12ef18362d5a7b42eaa09') in 0.020983 seconds 
  Import took 0.024595 seconds .

========================================================================
Received Import Request.
  Time since last request: 0.000211 seconds.
  path: Assets/SimpleNaturePack/Prefabs/Grass_02.prefab
  artifactKey: Guid(ffbddc4ef9676cc419e81e06aaa836d8) Importer(815301076,1909f56bfc062723c751e8b465ee728b)
Start importing Assets/SimpleNaturePack/Prefabs/Grass_02.prefab using Guid(ffbddc4ef9676cc419e81e06aaa836d8) Importer(815301076,1909f56bfc062723c751e8b465ee728b)  -> (artifact id: '58ba70658a6daa630a0e6a64a43f160e') in 0.020645 seconds 
  Import took 0.024551 seconds .

========================================================================
Received Import Request.
  Time since last request: 0.000207 seconds.
  path: Assets/SimpleNaturePack/Prefabs/Bush_01.prefab
  artifactKey: Guid(3cdafb3c2f54d434894928d72d282874) Importer(815301076,1909f56bfc062723c751e8b465ee728b)
Start importing Assets/SimpleNaturePack/Prefabs/Bush_01.prefab using Guid(3cdafb3c2f54d434894928d72d282874) Importer(815301076,1909f56bfc062723c751e8b465ee728b)  -> (artifact id: '85b26b53fb6ddc2f18c7a33fcde62e85') in 0.021583 seconds 
  Import took 0.024960 seconds .

========================================================================
Received Import Request.
  Time since last request: 0.000273 seconds.
  path: Assets/SimpleNaturePack/Prefabs/Rock_03.prefab
  artifactKey: Guid(0fde05fa0f3321942a21896ff4f0856f) Importer(815301076,1909f56bfc062723c751e8b465ee728b)
Start importing Assets/SimpleNaturePack/Prefabs/Rock_03.prefab using Guid(0fde05fa0f3321942a21896ff4f0856f) Importer(815301076,1909f56bfc062723c751e8b465ee728b)  -> (artifact id: 'e25bf4a0f8240fbf9d20b6650550d5c0') in 0.018521 seconds 
  Import took 0.022563 seconds .

========================================================================
Received Import Request.
  Time since last request: 0.000414 seconds.
  path: Assets/SimpleNaturePack/Prefabs/Rock_01.prefab
  artifactKey: Guid(c6308cb7062fac34e8e50600086b12a1) Importer(815301076,1909f56bfc062723c751e8b465ee728b)
Start importing Assets/SimpleNaturePack/Prefabs/Rock_01.prefab using Guid(c6308cb7062fac34e8e50600086b12a1) Importer(815301076,1909f56bfc062723c751e8b465ee728b)  -> (artifact id: '12c1fe3bb3ef53a776e856d05fd155be') in 0.022522 seconds 
  Import took 0.026411 seconds .

========================================================================
Received Import Request.
  Time since last request: 0.000255 seconds.
  path: Assets/SimpleNaturePack/Prefabs/Tree_02.prefab
  artifactKey: Guid(e289bf5debb17f6459818c207d781953) Importer(815301076,1909f56bfc062723c751e8b465ee728b)
Start importing Assets/SimpleNaturePack/Prefabs/Tree_02.prefab using Guid(e289bf5debb17f6459818c207d781953) Importer(815301076,1909f56bfc062723c751e8b465ee728b)  -> (artifact id: '2ff7dfc8b48b2aea3bce5b208d08922f') in 0.018686 seconds 
  Import took 0.022699 seconds .

========================================================================
Received Import Request.
  Time since last request: 0.000219 seconds.
  path: Assets/SimpleNaturePack/Prefabs/Tree_03.prefab
  artifactKey: Guid(c60edd51c065ceb46b345849a03bc106) Importer(815301076,1909f56bfc062723c751e8b465ee728b)
Start importing Assets/SimpleNaturePack/Prefabs/Tree_03.prefab using Guid(c60edd51c065ceb46b345849a03bc106) Importer(815301076,1909f56bfc062723c751e8b465ee728b)  -> (artifact id: '0f8795b83748218c843ab01d52a1eab2') in 0.020528 seconds 
  Import took 0.023899 seconds .

========================================================================
Received Import Request.
  Time since last request: 0.000195 seconds.
  path: Assets/SimpleNaturePack/Prefabs/Ground_02.prefab
  artifactKey: Guid(e2e682b966e3f644392ffbfab511e0e2) Importer(815301076,1909f56bfc062723c751e8b465ee728b)
Start importing Assets/SimpleNaturePack/Prefabs/Ground_02.prefab using Guid(e2e682b966e3f644392ffbfab511e0e2) Importer(815301076,1909f56bfc062723c751e8b465ee728b)  -> (artifact id: 'c72688dbf3f9953d2714cf7069fe69f8') in 0.019581 seconds 
  Import took 0.023019 seconds .

========================================================================
Received Import Request.
  Time since last request: 0.000240 seconds.
  path: Assets/SimpleNaturePack/Prefabs/Bush_02.prefab
  artifactKey: Guid(b71b0f8d2f881c743a85228f3030d1cb) Importer(815301076,1909f56bfc062723c751e8b465ee728b)
Start importing Assets/SimpleNaturePack/Prefabs/Bush_02.prefab using Guid(b71b0f8d2f881c743a85228f3030d1cb) Importer(815301076,1909f56bfc062723c751e8b465ee728b)  -> (artifact id: '9b9dded58158abebd0b49fe6930ea896') in 0.016433 seconds 
  Import took 0.019776 seconds .

========================================================================
Received Import Request.
  Time since last request: 6161.624691 seconds.
  path: Assets/Low Poly Trees/Prefabs/Plants/Flower1.prefab
  artifactKey: Guid(cba4bc2fc87706f48b612fbfaf9235ca) Importer(815301076,1909f56bfc062723c751e8b465ee728b)
Start importing Assets/Low Poly Trees/Prefabs/Plants/Flower1.prefab using Guid(cba4bc2fc87706f48b612fbfaf9235ca) Importer(815301076,1909f56bfc062723c751e8b465ee728b)  -> (artifact id: '47f0092fbe0204d75050f542bc82f220') in 0.064502 seconds 
  Import took 0.085585 seconds .

========================================================================
Received Import Request.
  Time since last request: 0.000389 seconds.
  path: Assets/Low Poly Trees/Prefabs/Plants/SeparateGrass1.prefab
  artifactKey: Guid(e8fbb0776bb85d84a944b6686991a106) Importer(815301076,1909f56bfc062723c751e8b465ee728b)
Start importing Assets/Low Poly Trees/Prefabs/Plants/SeparateGrass1.prefab using Guid(e8fbb0776bb85d84a944b6686991a106) Importer(815301076,1909f56bfc062723c751e8b465ee728b)  -> (artifact id: 'e2ba5e147a3f99fda32b89d2691af5f1') in 0.017502 seconds 
  Import took 0.020340 seconds .

========================================================================
Received Import Request.
  Time since last request: 0.000245 seconds.
  path: Assets/Low Poly Trees/Prefabs/Plants/Flower4.prefab
  artifactKey: Guid(6f10ae79c9037a846aeacd61037c28f2) Importer(815301076,1909f56bfc062723c751e8b465ee728b)
Start importing Assets/Low Poly Trees/Prefabs/Plants/Flower4.prefab using Guid(6f10ae79c9037a846aeacd61037c28f2) Importer(815301076,1909f56bfc062723c751e8b465ee728b)  -> (artifact id: '332b2f194815a757dc8894fe5bd00dc4') in 0.019942 seconds 
  Import took 0.023152 seconds .

========================================================================
Received Import Request.
  Time since last request: 0.000230 seconds.
  path: Assets/Low Poly Trees/Prefabs/Plants/SeparateGrass7.prefab
  artifactKey: Guid(cf423ae9027bf6a489f20e5bee454ac6) Importer(815301076,1909f56bfc062723c751e8b465ee728b)
Start importing Assets/Low Poly Trees/Prefabs/Plants/SeparateGrass7.prefab using Guid(cf423ae9027bf6a489f20e5bee454ac6) Importer(815301076,1909f56bfc062723c751e8b465ee728b)  -> (artifact id: '53c837a29c9807a9d3235a8565c68bad') in 0.019874 seconds 
  Import took 0.023156 seconds .

========================================================================
Received Import Request.
  Time since last request: 0.000233 seconds.
  path: Assets/Low Poly Trees/Prefabs/Plants/SeparateGrass2.prefab
  artifactKey: Guid(d102f314a1b0fb543954f0e0e4543f36) Importer(815301076,1909f56bfc062723c751e8b465ee728b)
Start importing Assets/Low Poly Trees/Prefabs/Plants/SeparateGrass2.prefab using Guid(d102f314a1b0fb543954f0e0e4543f36) Importer(815301076,1909f56bfc062723c751e8b465ee728b)  -> (artifact id: 'eeb4ba04239cef31cbecc84e1abd2ed6') in 0.019410 seconds 
  Import took 0.022124 seconds .

========================================================================
Received Import Request.
  Time since last request: 0.000284 seconds.
  path: Assets/Low Poly Trees/Prefabs/Plants/Flower2.prefab
  artifactKey: Guid(81696c606da292d43bab35235a47ca68) Importer(815301076,1909f56bfc062723c751e8b465ee728b)
Start importing Assets/Low Poly Trees/Prefabs/Plants/Flower2.prefab using Guid(81696c606da292d43bab35235a47ca68) Importer(815301076,1909f56bfc062723c751e8b465ee728b)  -> (artifact id: 'af640baa2fef6300cf6b614b1b230eef') in 0.020651 seconds 
  Import took 0.023852 seconds .

========================================================================
Received Import Request.
  Time since last request: 0.000216 seconds.
  path: Assets/Low Poly Trees/Prefabs/Plants/Flower3.prefab
  artifactKey: Guid(b62c584f80ab32044b5221da0d332b43) Importer(815301076,1909f56bfc062723c751e8b465ee728b)
Start importing Assets/Low Poly Trees/Prefabs/Plants/Flower3.prefab using Guid(b62c584f80ab32044b5221da0d332b43) Importer(815301076,1909f56bfc062723c751e8b465ee728b)  -> (artifact id: '2ac8e41505b5c203990f1a92a3f70141') in 0.023221 seconds 
  Import took 0.026178 seconds .

========================================================================
Received Import Request.
  Time since last request: 0.000199 seconds.
  path: Assets/Low Poly Trees/Prefabs/Plants/Grass.prefab
  artifactKey: Guid(8e7e45f038371fe42997bbfefb310027) Importer(815301076,1909f56bfc062723c751e8b465ee728b)
Start importing Assets/Low Poly Trees/Prefabs/Plants/Grass.prefab using Guid(8e7e45f038371fe42997bbfefb310027) Importer(815301076,1909f56bfc062723c751e8b465ee728b)  -> (artifact id: '9920dc94cd3e5a48ac8eb043c3d3cb78') in 0.020184 seconds 
  Import took 0.022732 seconds .

========================================================================
Received Import Request.
  Time since last request: 0.000221 seconds.
  path: Assets/Low Poly Trees/Prefabs/Plants/SeparateGrass4.prefab
  artifactKey: Guid(a439982ef62eda246bc8e4768db3f805) Importer(815301076,1909f56bfc062723c751e8b465ee728b)
Start importing Assets/Low Poly Trees/Prefabs/Plants/SeparateGrass4.prefab using Guid(a439982ef62eda246bc8e4768db3f805) Importer(815301076,1909f56bfc062723c751e8b465ee728b)  -> (artifact id: '5648bd7a1d06440586fb09df3fceb803') in 0.017701 seconds 
  Import took 0.021943 seconds .

========================================================================
Received Import Request.
  Time since last request: 0.000237 seconds.
  path: Assets/Low Poly Trees/Prefabs/Plants/SeparateGrass6.prefab
  artifactKey: Guid(a3c021cc59efcbc4f823af4b7f36550f) Importer(815301076,1909f56bfc062723c751e8b465ee728b)
Start importing Assets/Low Poly Trees/Prefabs/Plants/SeparateGrass6.prefab using Guid(a3c021cc59efcbc4f823af4b7f36550f) Importer(815301076,1909f56bfc062723c751e8b465ee728b)  -> (artifact id: '267db7048d81843c07851e5199b72d56') in 0.018290 seconds 
  Import took 0.021548 seconds .

========================================================================
Received Import Request.
  Time since last request: 0.000172 seconds.
  path: Assets/Low Poly Trees/Prefabs/Plants/SeparateGrass3.prefab
  artifactKey: Guid(15e6ef54c3565354b9b74a4638c12b2d) Importer(815301076,1909f56bfc062723c751e8b465ee728b)
Start importing Assets/Low Poly Trees/Prefabs/Plants/SeparateGrass3.prefab using Guid(15e6ef54c3565354b9b74a4638c12b2d) Importer(815301076,1909f56bfc062723c751e8b465ee728b)  -> (artifact id: '0e61dc099d193a4794031a4fb58f1821') in 0.018539 seconds 
  Import took 0.021281 seconds .

========================================================================
Received Import Request.
  Time since last request: 0.000303 seconds.
  path: Assets/Low Poly Trees/Prefabs/Plants/SeparateGrass5.prefab
  artifactKey: Guid(833e6755bf9ee774cbc5845fbd2b381b) Importer(815301076,1909f56bfc062723c751e8b465ee728b)
Start importing Assets/Low Poly Trees/Prefabs/Plants/SeparateGrass5.prefab using Guid(833e6755bf9ee774cbc5845fbd2b381b) Importer(815301076,1909f56bfc062723c751e8b465ee728b)  -> (artifact id: '72e8205ea0dc9b3832e02d0273bd6e03') in 0.020982 seconds 
  Import took 0.024598 seconds .

========================================================================
Received Import Request.
  Time since last request: 36.283902 seconds.
  path: Assets/Low Poly Trees/Prefabs/Stones/Summer/Stone.prefab
  artifactKey: Guid(5174495a5bb8d3d4e9065c466c9a7381) Importer(815301076,1909f56bfc062723c751e8b465ee728b)
Start importing Assets/Low Poly Trees/Prefabs/Stones/Summer/Stone.prefab using Guid(5174495a5bb8d3d4e9065c466c9a7381) Importer(815301076,1909f56bfc062723c751e8b465ee728b)  -> (artifact id: '05e09f8d17de12c1ce8db34f4ac7f7bf') in 0.084096 seconds 
  Import took 0.086834 seconds .

========================================================================
Received Import Request.
  Time since last request: 0.000270 seconds.
  path: Assets/Low Poly Trees/Prefabs/Stones/Summer/Stone3.prefab
  artifactKey: Guid(7a2e63fb70af87f49ab20c3ddb6f0fe9) Importer(815301076,1909f56bfc062723c751e8b465ee728b)
Start importing Assets/Low Poly Trees/Prefabs/Stones/Summer/Stone3.prefab using Guid(7a2e63fb70af87f49ab20c3ddb6f0fe9) Importer(815301076,1909f56bfc062723c751e8b465ee728b)  -> (artifact id: 'fc0aff9d78e42220cae2c70c32561def') in 0.014765 seconds 
  Import took 0.018418 seconds .

========================================================================
Received Import Request.
  Time since last request: 0.000262 seconds.
  path: Assets/Low Poly Trees/Prefabs/Stones/Summer/Stone4.prefab
  artifactKey: Guid(e419f5cf04a7ae34581865dfebc000f4) Importer(815301076,1909f56bfc062723c751e8b465ee728b)
Start importing Assets/Low Poly Trees/Prefabs/Stones/Summer/Stone4.prefab using Guid(e419f5cf04a7ae34581865dfebc000f4) Importer(815301076,1909f56bfc062723c751e8b465ee728b)  -> (artifact id: '1243cc156e454f7b84bc384b321d8ac1') in 0.022202 seconds 
  Import took 0.025045 seconds .

========================================================================
Received Import Request.
  Time since last request: 0.000254 seconds.
  path: Assets/Low Poly Trees/Prefabs/Stones/Summer/Stone6.prefab
  artifactKey: Guid(c7c0ac6a1590ea943aa4b22ba33c0d98) Importer(815301076,1909f56bfc062723c751e8b465ee728b)
Start importing Assets/Low Poly Trees/Prefabs/Stones/Summer/Stone6.prefab using Guid(c7c0ac6a1590ea943aa4b22ba33c0d98) Importer(815301076,1909f56bfc062723c751e8b465ee728b)  -> (artifact id: 'aaa605d9f50274c7627ecb773afd7d1d') in 0.018255 seconds 
  Import took 0.020435 seconds .

========================================================================
Received Import Request.
  Time since last request: 0.000355 seconds.
  path: Assets/Low Poly Trees/Prefabs/Stones/Summer/Stone7.prefab
  artifactKey: Guid(ce13c976213436c4686adcdd11d2ac27) Importer(815301076,1909f56bfc062723c751e8b465ee728b)
Start importing Assets/Low Poly Trees/Prefabs/Stones/Summer/Stone7.prefab using Guid(ce13c976213436c4686adcdd11d2ac27) Importer(815301076,1909f56bfc062723c751e8b465ee728b)  -> (artifact id: '7b5e75cff8af039e3e29eca8ee9b40c7') in 0.020095 seconds 
  Import took 0.022575 seconds .

========================================================================
Received Import Request.
  Time since last request: 0.000375 seconds.
  path: Assets/Low Poly Trees/Prefabs/Stones/Summer/Stone2.prefab
  artifactKey: Guid(27d4b4b0f4559e545a3dac5dbe25d94d) Importer(815301076,1909f56bfc062723c751e8b465ee728b)
Start importing Assets/Low Poly Trees/Prefabs/Stones/Summer/Stone2.prefab using Guid(27d4b4b0f4559e545a3dac5dbe25d94d) Importer(815301076,1909f56bfc062723c751e8b465ee728b)  -> (artifact id: '0cc8408c8a3c49ee32698b88b8719f6c') in 0.017900 seconds 
  Import took 0.020983 seconds .

========================================================================
Received Import Request.
  Time since last request: 0.000250 seconds.
  path: Assets/Low Poly Trees/Prefabs/Stones/Summer/Stone5.prefab
  artifactKey: Guid(3d584267efa38f04daa5b7eedaa6a2b1) Importer(815301076,1909f56bfc062723c751e8b465ee728b)
Start importing Assets/Low Poly Trees/Prefabs/Stones/Summer/Stone5.prefab using Guid(3d584267efa38f04daa5b7eedaa6a2b1) Importer(815301076,1909f56bfc062723c751e8b465ee728b)  -> (artifact id: 'fe25c337c6e63e22aaa358c61301e840') in 0.018062 seconds 
  Import took 0.021166 seconds .

========================================================================
Received Import Request.
  Time since last request: 1.362438 seconds.
  path: Assets/Low Poly Trees/Prefabs/Stones/Winter/StoneInSnow.prefab
  artifactKey: Guid(41b7a09e1563c0a4fac04445a2c8550f) Importer(815301076,1909f56bfc062723c751e8b465ee728b)
Start importing Assets/Low Poly Trees/Prefabs/Stones/Winter/StoneInSnow.prefab using Guid(41b7a09e1563c0a4fac04445a2c8550f) Importer(815301076,1909f56bfc062723c751e8b465ee728b)  -> (artifact id: '279810b350edc1151e81d2d060afd415') in 0.014031 seconds 
  Import took 0.017583 seconds .

========================================================================
Received Import Request.
  Time since last request: 0.000329 seconds.
  path: Assets/Low Poly Trees/Prefabs/Stones/Winter/StoneInSnow7.prefab
  artifactKey: Guid(489d80f0e8cea1e49bca181d5d074f5d) Importer(815301076,1909f56bfc062723c751e8b465ee728b)
Start importing Assets/Low Poly Trees/Prefabs/Stones/Winter/StoneInSnow7.prefab using Guid(489d80f0e8cea1e49bca181d5d074f5d) Importer(815301076,1909f56bfc062723c751e8b465ee728b)  -> (artifact id: 'b8efd43a54859795098309b015da6ea4') in 0.013932 seconds 
  Import took 0.017018 seconds .

========================================================================
Received Import Request.
  Time since last request: 0.000321 seconds.
  path: Assets/Low Poly Trees/Prefabs/Stones/Winter/StoneInSnow2.prefab
  artifactKey: Guid(1a26c8b65a14d5d4dbb27cf945324b07) Importer(815301076,1909f56bfc062723c751e8b465ee728b)
Start importing Assets/Low Poly Trees/Prefabs/Stones/Winter/StoneInSnow2.prefab using Guid(1a26c8b65a14d5d4dbb27cf945324b07) Importer(815301076,1909f56bfc062723c751e8b465ee728b)  -> (artifact id: '5f13aa17451aa29a5a04b9278cecf6b8') in 0.015266 seconds 
  Import took 0.017603 seconds .

========================================================================
Received Import Request.
  Time since last request: 0.000302 seconds.
  path: Assets/Low Poly Trees/Prefabs/Stones/Winter/StoneInSnow3.prefab
  artifactKey: Guid(d945457690441184ab403727c51f9d26) Importer(815301076,1909f56bfc062723c751e8b465ee728b)
Start importing Assets/Low Poly Trees/Prefabs/Stones/Winter/StoneInSnow3.prefab using Guid(d945457690441184ab403727c51f9d26) Importer(815301076,1909f56bfc062723c751e8b465ee728b)  -> (artifact id: 'c4bdcdf1ce4345c43866f4f903060d3d') in 0.013990 seconds 
  Import took 0.016368 seconds .

========================================================================
Received Import Request.
  Time since last request: 0.000293 seconds.
  path: Assets/Low Poly Trees/Prefabs/Stones/Winter/StoneInSnow5.prefab
  artifactKey: Guid(5df448c63a981054887f5d1841f52610) Importer(815301076,1909f56bfc062723c751e8b465ee728b)
Start importing Assets/Low Poly Trees/Prefabs/Stones/Winter/StoneInSnow5.prefab using Guid(5df448c63a981054887f5d1841f52610) Importer(815301076,1909f56bfc062723c751e8b465ee728b)  -> (artifact id: 'ee88d4299a72257d2b3e8b4d0a588565') in 0.012568 seconds 
  Import took 0.015113 seconds .

========================================================================
Received Import Request.
  Time since last request: 0.000244 seconds.
  path: Assets/Low Poly Trees/Prefabs/Stones/Winter/StoneInSnow4.prefab
  artifactKey: Guid(b70fb0e3a9d19a04aa3d0dad19a88dd1) Importer(815301076,1909f56bfc062723c751e8b465ee728b)
Start importing Assets/Low Poly Trees/Prefabs/Stones/Winter/StoneInSnow4.prefab using Guid(b70fb0e3a9d19a04aa3d0dad19a88dd1) Importer(815301076,1909f56bfc062723c751e8b465ee728b)  -> (artifact id: '92bf392674335596658482589468d05f') in 0.013791 seconds 
  Import took 0.016522 seconds .

========================================================================
Received Import Request.
  Time since last request: 0.000227 seconds.
  path: Assets/Low Poly Trees/Prefabs/Stones/Winter/StoneInSnow6.prefab
  artifactKey: Guid(910c1a7f903484c42baaaaa3826db0ab) Importer(815301076,1909f56bfc062723c751e8b465ee728b)
Start importing Assets/Low Poly Trees/Prefabs/Stones/Winter/StoneInSnow6.prefab using Guid(910c1a7f903484c42baaaaa3826db0ab) Importer(815301076,1909f56bfc062723c751e8b465ee728b)  -> (artifact id: '83319debcc26ef35e99b51877cc88a32') in 0.017229 seconds 
  Import took 0.021135 seconds .

========================================================================
Received Import Request.
  Time since last request: 13.354698 seconds.
  path: Assets/Low Poly Trees/Prefabs/Wood/Branch.prefab
  artifactKey: Guid(d7d775e50d0140b46b5dcd655245ba7e) Importer(815301076,1909f56bfc062723c751e8b465ee728b)
Start importing Assets/Low Poly Trees/Prefabs/Wood/Branch.prefab using Guid(d7d775e50d0140b46b5dcd655245ba7e) Importer(815301076,1909f56bfc062723c751e8b465ee728b)  -> (artifact id: 'a38c6f1e8301b6af2cf668334c7d6199') in 0.021319 seconds 
  Import took 0.023995 seconds .

========================================================================
Received Import Request.
  Time since last request: 0.000376 seconds.
  path: Assets/Low Poly Trees/Prefabs/Wood/StumpInSnow.prefab
  artifactKey: Guid(4841aebdd5b54394198be0c55d9d2f52) Importer(815301076,1909f56bfc062723c751e8b465ee728b)
Start importing Assets/Low Poly Trees/Prefabs/Wood/StumpInSnow.prefab using Guid(4841aebdd5b54394198be0c55d9d2f52) Importer(815301076,1909f56bfc062723c751e8b465ee728b)  -> (artifact id: '465466e30dd67ff9cc405b5bf7142935') in 0.015744 seconds 
  Import took 0.018368 seconds .

========================================================================
Received Import Request.
  Time since last request: 0.000225 seconds.
  path: Assets/Low Poly Trees/Prefabs/Wood/BranchInSnow2.prefab
  artifactKey: Guid(76291aa6edc00c940a81a0696dcaa859) Importer(815301076,1909f56bfc062723c751e8b465ee728b)
Start importing Assets/Low Poly Trees/Prefabs/Wood/BranchInSnow2.prefab using Guid(76291aa6edc00c940a81a0696dcaa859) Importer(815301076,1909f56bfc062723c751e8b465ee728b)  -> (artifact id: '510a4c2a961c438bd213bb105e191d7a') in 0.014788 seconds 
  Import took 0.016934 seconds .

========================================================================
Received Import Request.
  Time since last request: 0.000432 seconds.
  path: Assets/Low Poly Trees/Prefabs/Wood/Log.prefab
  artifactKey: Guid(2e9111e85bea7054e885f3190089aad7) Importer(815301076,1909f56bfc062723c751e8b465ee728b)
Start importing Assets/Low Poly Trees/Prefabs/Wood/Log.prefab using Guid(2e9111e85bea7054e885f3190089aad7) Importer(815301076,1909f56bfc062723c751e8b465ee728b)  -> (artifact id: '7379727b696e48e81c00b7210191b03c') in 0.013966 seconds 
  Import took 0.016127 seconds .

========================================================================
Received Import Request.
  Time since last request: 0.000266 seconds.
  path: Assets/Low Poly Trees/Prefabs/Wood/BranchInSnow.prefab
  artifactKey: Guid(9e125aa6ddc73564d8afe6c24c517ac9) Importer(815301076,1909f56bfc062723c751e8b465ee728b)
Start importing Assets/Low Poly Trees/Prefabs/Wood/BranchInSnow.prefab using Guid(9e125aa6ddc73564d8afe6c24c517ac9) Importer(815301076,1909f56bfc062723c751e8b465ee728b)  -> (artifact id: '5d8dac3b20aaf755f57744e64e011fec') in 0.016167 seconds 
  Import took 0.018383 seconds .

========================================================================
Received Import Request.
  Time since last request: 0.000251 seconds.
  path: Assets/Low Poly Trees/Prefabs/Wood/Stump.prefab
  artifactKey: Guid(1c976acba7265e84d87f46e3cc8dca91) Importer(815301076,1909f56bfc062723c751e8b465ee728b)
Start importing Assets/Low Poly Trees/Prefabs/Wood/Stump.prefab using Guid(1c976acba7265e84d87f46e3cc8dca91) Importer(815301076,1909f56bfc062723c751e8b465ee728b)  -> (artifact id: 'acc608325cf4af153b08982200cf9ca7') in 0.014594 seconds 
  Import took 0.018561 seconds .

========================================================================
Received Import Request.
  Time since last request: 0.000270 seconds.
  path: Assets/Low Poly Trees/Prefabs/Wood/StumpInSnow2.prefab
  artifactKey: Guid(402a406021feadd4db2f34462d8dbda1) Importer(815301076,1909f56bfc062723c751e8b465ee728b)
Start importing Assets/Low Poly Trees/Prefabs/Wood/StumpInSnow2.prefab using Guid(402a406021feadd4db2f34462d8dbda1) Importer(815301076,1909f56bfc062723c751e8b465ee728b)  -> (artifact id: '9404cac3de97559751a7b40de05173af') in 0.020720 seconds 
  Import took 0.024727 seconds .

========================================================================
Received Import Request.
  Time since last request: 0.000216 seconds.
  path: Assets/Low Poly Trees/Prefabs/Wood/Stump2.prefab
  artifactKey: Guid(4263997f5f4444540bf660dcd250d713) Importer(815301076,1909f56bfc062723c751e8b465ee728b)
Start importing Assets/Low Poly Trees/Prefabs/Wood/Stump2.prefab using Guid(4263997f5f4444540bf660dcd250d713) Importer(815301076,1909f56bfc062723c751e8b465ee728b)  -> (artifact id: '5aa6409921e73f8d73fb6c80ea8c0a5e') in 0.022911 seconds 
  Import took 0.026393 seconds .

========================================================================
Received Import Request.
  Time since last request: 0.000282 seconds.
  path: Assets/Low Poly Trees/Prefabs/Wood/Branch2.prefab
  artifactKey: Guid(c9179cb6a47fcfd4a9b5af24e94cdf65) Importer(815301076,1909f56bfc062723c751e8b465ee728b)
Start importing Assets/Low Poly Trees/Prefabs/Wood/Branch2.prefab using Guid(c9179cb6a47fcfd4a9b5af24e94cdf65) Importer(815301076,1909f56bfc062723c751e8b465ee728b)  -> (artifact id: 'd23358b7ad2abc7bc52c6e6d92bb1370') in 0.016614 seconds 
  Import took 0.019821 seconds .

========================================================================
Received Import Request.
  Time since last request: 0.000207 seconds.
  path: Assets/Low Poly Trees/Prefabs/Wood/LogInSnow.prefab
  artifactKey: Guid(d7afcd06718ea4344a4de988c82f67aa) Importer(815301076,1909f56bfc062723c751e8b465ee728b)
Start importing Assets/Low Poly Trees/Prefabs/Wood/LogInSnow.prefab using Guid(d7afcd06718ea4344a4de988c82f67aa) Importer(815301076,1909f56bfc062723c751e8b465ee728b)  -> (artifact id: 'a859987948ac5b3f3dcfa071f3f2a90a') in 0.020634 seconds 
  Import took 0.022982 seconds .

========================================================================
Received Import Request.
  Time since last request: 9.895607 seconds.
  path: Assets/Low Poly Trees/FBX/Ground mat/Grass.mat
  artifactKey: Guid(f41c85770ddb5754083d52a5fe70225a) Importer(815301076,1909f56bfc062723c751e8b465ee728b)
Start importing Assets/Low Poly Trees/FBX/Ground mat/Grass.mat using Guid(f41c85770ddb5754083d52a5fe70225a) Importer(815301076,1909f56bfc062723c751e8b465ee728b)  -> (artifact id: '869927b17106ef734ace5f0e0b91f181') in 0.052871 seconds 
  Import took 0.055891 seconds .

========================================================================
Received Import Request.
  Time since last request: 0.000255 seconds.
  path: Assets/Low Poly Trees/FBX/Ground mat/Sand.mat
  artifactKey: Guid(acf90017fdb90394cb897fff88ac0011) Importer(815301076,1909f56bfc062723c751e8b465ee728b)
Start importing Assets/Low Poly Trees/FBX/Ground mat/Sand.mat using Guid(acf90017fdb90394cb897fff88ac0011) Importer(815301076,1909f56bfc062723c751e8b465ee728b)  -> (artifact id: '2e65f348e530149abfa26f7f0ecdea9c') in 0.014357 seconds 
  Import took 0.016781 seconds .

========================================================================
Received Import Request.
  Time since last request: 0.000328 seconds.
  path: Assets/Low Poly Trees/FBX/Ground mat/Water.mat
  artifactKey: Guid(f11949361beb15e408c4efa74da72d05) Importer(815301076,1909f56bfc062723c751e8b465ee728b)
Start importing Assets/Low Poly Trees/FBX/Ground mat/Water.mat using Guid(f11949361beb15e408c4efa74da72d05) Importer(815301076,1909f56bfc062723c751e8b465ee728b)  -> (artifact id: 'dd3a678c63a9d1e69a295247aec8e9c8') in 0.209790 seconds 
  Import took 0.212413 seconds .

========================================================================
Received Import Request.
  Time since last request: 1.293014 seconds.
  path: Assets/Low Poly Trees/FBX/Materials/AutumnLeaves.000.mat
  artifactKey: Guid(8cbf61e38a6fc01489e449b6f8b182cd) Importer(815301076,1909f56bfc062723c751e8b465ee728b)
Start importing Assets/Low Poly Trees/FBX/Materials/AutumnLeaves.000.mat using Guid(8cbf61e38a6fc01489e449b6f8b182cd) Importer(815301076,1909f56bfc062723c751e8b465ee728b)  -> (artifact id: 'b144a00df322b6517e2a4c6cd8a1ab5c') in 0.017542 seconds 
  Import took 0.020119 seconds .

========================================================================
Received Import Request.
  Time since last request: 0.000239 seconds.
  path: Assets/Low Poly Trees/FBX/Materials/No Name.mat
  artifactKey: Guid(448017a0f301d9048a3def9817568f7c) Importer(815301076,1909f56bfc062723c751e8b465ee728b)
Start importing Assets/Low Poly Trees/FBX/Materials/No Name.mat using Guid(448017a0f301d9048a3def9817568f7c) Importer(815301076,1909f56bfc062723c751e8b465ee728b)  -> (artifact id: '44f1436694eda15da941dd291ab5cadf') in 0.015846 seconds 
  Import took 0.018746 seconds .

========================================================================
Received Import Request.
  Time since last request: 0.000426 seconds.
  path: Assets/Low Poly Trees/FBX/Materials/Plant yellow.mat
  artifactKey: Guid(983d2a4fcef571b44b159a87998f6bd7) Importer(815301076,1909f56bfc062723c751e8b465ee728b)
Start importing Assets/Low Poly Trees/FBX/Materials/Plant yellow.mat using Guid(983d2a4fcef571b44b159a87998f6bd7) Importer(815301076,1909f56bfc062723c751e8b465ee728b)  -> (artifact id: '871c19b0ce0d90558397772aa62ecb5b') in 0.013997 seconds 
  Import took 0.016132 seconds .

========================================================================
Received Import Request.
  Time since last request: 0.000294 seconds.
  path: Assets/Low Poly Trees/FBX/Materials/Stone.000.mat
  artifactKey: Guid(881f56b0af08a174dbc39874f6d07af4) Importer(815301076,1909f56bfc062723c751e8b465ee728b)
Start importing Assets/Low Poly Trees/FBX/Materials/Stone.000.mat using Guid(881f56b0af08a174dbc39874f6d07af4) Importer(815301076,1909f56bfc062723c751e8b465ee728b)  -> (artifact id: '7ffae60b7726b313411aca30d42f4fd7') in 0.013953 seconds 
  Import took 0.016797 seconds .

========================================================================
Received Import Request.
  Time since last request: 0.000302 seconds.
  path: Assets/Low Poly Trees/FBX/Materials/AutumnLeaves2.000.mat
  artifactKey: Guid(2e8bdd90efa76c542986b6bf84df24b4) Importer(815301076,1909f56bfc062723c751e8b465ee728b)
Start importing Assets/Low Poly Trees/FBX/Materials/AutumnLeaves2.000.mat using Guid(2e8bdd90efa76c542986b6bf84df24b4) Importer(815301076,1909f56bfc062723c751e8b465ee728b)  -> (artifact id: '873fa2a4d628d640e342df86ef20b4c9') in 0.014460 seconds 
  Import took 0.016943 seconds .

========================================================================
Received Import Request.
  Time since last request: 0.000418 seconds.
  path: Assets/Low Poly Trees/FBX/Materials/Plant red.mat
  artifactKey: Guid(342bfa16adb5e2e4dbcf859670bd56f1) Importer(815301076,1909f56bfc062723c751e8b465ee728b)
Start importing Assets/Low Poly Trees/FBX/Materials/Plant red.mat using Guid(342bfa16adb5e2e4dbcf859670bd56f1) Importer(815301076,1909f56bfc062723c751e8b465ee728b)  -> (artifact id: '581166d1c83326353a1b6d82ac6904df') in 0.016042 seconds 
  Import took 0.018088 seconds .

========================================================================
Received Import Request.
  Time since last request: 0.000436 seconds.
  path: Assets/Low Poly Trees/FBX/Materials/AutumnLeavest1.001.mat
  artifactKey: Guid(3de32122bcd741c49a0f58d54ee5d266) Importer(815301076,1909f56bfc062723c751e8b465ee728b)
Start importing Assets/Low Poly Trees/FBX/Materials/AutumnLeavest1.001.mat using Guid(3de32122bcd741c49a0f58d54ee5d266) Importer(815301076,1909f56bfc062723c751e8b465ee728b)  -> (artifact id: '0026cf0be1a374dcfcbb1f23faad4242') in 0.014856 seconds 
  Import took 0.017507 seconds .

========================================================================
Received Import Request.
  Time since last request: 0.000321 seconds.
  path: Assets/Low Poly Trees/FBX/Materials/Stone3.000.mat
  artifactKey: Guid(4e72033644b9b914a9d8ae4671682007) Importer(815301076,1909f56bfc062723c751e8b465ee728b)
Start importing Assets/Low Poly Trees/FBX/Materials/Stone3.000.mat using Guid(4e72033644b9b914a9d8ae4671682007) Importer(815301076,1909f56bfc062723c751e8b465ee728b)  -> (artifact id: 'ef7e0fa38480d8d2651d23639982e0e8') in 0.020236 seconds 
  Import took 0.023246 seconds .

========================================================================
Received Import Request.
  Time since last request: 0.000221 seconds.
  path: Assets/Low Poly Trees/FBX/Materials/Plant orange.mat
  artifactKey: Guid(95b63c8e4cfa8c44daaa67e6b2db343d) Importer(815301076,1909f56bfc062723c751e8b465ee728b)
Start importing Assets/Low Poly Trees/FBX/Materials/Plant orange.mat using Guid(95b63c8e4cfa8c44daaa67e6b2db343d) Importer(815301076,1909f56bfc062723c751e8b465ee728b)  -> (artifact id: 'b5e0e23e92ee0d1ae95ecb32be2bd8a0') in 0.021860 seconds 
  Import took 0.025318 seconds .

========================================================================
Received Import Request.
  Time since last request: 0.000426 seconds.
  path: Assets/Low Poly Trees/FBX/Materials/Plant pink.mat
  artifactKey: Guid(986b241b2f48334488e10e90049217fb) Importer(815301076,1909f56bfc062723c751e8b465ee728b)
Start importing Assets/Low Poly Trees/FBX/Materials/Plant pink.mat using Guid(986b241b2f48334488e10e90049217fb) Importer(815301076,1909f56bfc062723c751e8b465ee728b)  -> (artifact id: '212b12ef4c0e60b5c03554f7bbc16742') in 0.018778 seconds 
  Import took 0.022519 seconds .

========================================================================
Received Import Request.
  Time since last request: 0.000229 seconds.
  path: Assets/Low Poly Trees/FBX/Materials/Snow.000.mat
  artifactKey: Guid(385aa33c15572014fb8052675ee0ef22) Importer(815301076,1909f56bfc062723c751e8b465ee728b)
Start importing Assets/Low Poly Trees/FBX/Materials/Snow.000.mat using Guid(385aa33c15572014fb8052675ee0ef22) Importer(815301076,1909f56bfc062723c751e8b465ee728b)  -> (artifact id: 'a54961567ea541fc44e51c2be6ee7071') in 0.020411 seconds 
  Import took 0.024096 seconds .

========================================================================
Received Import Request.
  Time since last request: 0.000226 seconds.
  path: Assets/Low Poly Trees/FBX/Materials/Stone2.000.mat
  artifactKey: Guid(bb932bfe22a2f8b48b7efc757a1301ec) Importer(815301076,1909f56bfc062723c751e8b465ee728b)
Start importing Assets/Low Poly Trees/FBX/Materials/Stone2.000.mat using Guid(bb932bfe22a2f8b48b7efc757a1301ec) Importer(815301076,1909f56bfc062723c751e8b465ee728b)  -> (artifact id: '955bdbf821343482b00737bfb44bb47c') in 0.015370 seconds 
  Import took 0.018855 seconds .

========================================================================
Received Import Request.
  Time since last request: 0.000190 seconds.
  path: Assets/Low Poly Trees/FBX/Materials/Leaves2.000.mat
  artifactKey: Guid(7a01917608a04f14589376fd3a79dafc) Importer(815301076,1909f56bfc062723c751e8b465ee728b)
Start importing Assets/Low Poly Trees/FBX/Materials/Leaves2.000.mat using Guid(7a01917608a04f14589376fd3a79dafc) Importer(815301076,1909f56bfc062723c751e8b465ee728b)  -> (artifact id: '2da4f4969735cc8199c298ac2518dd5b') in 0.015707 seconds 
  Import took 0.018614 seconds .

========================================================================
Received Import Request.
  Time since last request: 0.000194 seconds.
  path: Assets/Low Poly Trees/FBX/Materials/Plant purple.mat
  artifactKey: Guid(6a70c17bb2d51ef46adedf7d51d71e21) Importer(815301076,1909f56bfc062723c751e8b465ee728b)
Start importing Assets/Low Poly Trees/FBX/Materials/Plant purple.mat using Guid(6a70c17bb2d51ef46adedf7d51d71e21) Importer(815301076,1909f56bfc062723c751e8b465ee728b)  -> (artifact id: 'e5f397f2d21411ed7990cd1384ff06fd') in 0.018151 seconds 
  Import took 0.021531 seconds .

========================================================================
Received Import Request.
  Time since last request: 0.000185 seconds.
  path: Assets/Low Poly Trees/FBX/Materials/Snow.001.mat
  artifactKey: Guid(bca7318bb887abd468156e20822f5d30) Importer(815301076,1909f56bfc062723c751e8b465ee728b)
Start importing Assets/Low Poly Trees/FBX/Materials/Snow.001.mat using Guid(bca7318bb887abd468156e20822f5d30) Importer(815301076,1909f56bfc062723c751e8b465ee728b)  -> (artifact id: 'b29d239f6de18a02c6991cea9bf17e2d') in 0.014316 seconds 
  Import took 0.017627 seconds .

========================================================================
Received Import Request.
  Time since last request: 0.000277 seconds.
  path: Assets/Low Poly Trees/FBX/Materials/Bark.000.mat
  artifactKey: Guid(cd5dc17001d057445a9326803729d607) Importer(815301076,1909f56bfc062723c751e8b465ee728b)
Start importing Assets/Low Poly Trees/FBX/Materials/Bark.000.mat using Guid(cd5dc17001d057445a9326803729d607) Importer(815301076,1909f56bfc062723c751e8b465ee728b)  -> (artifact id: '7731f5fbd27a0276eff7035cde738474') in 0.017406 seconds 
  Import took 0.021390 seconds .

========================================================================
Received Import Request.
  Time since last request: 0.000326 seconds.
  path: Assets/Low Poly Trees/FBX/Materials/Leaves.000.mat
  artifactKey: Guid(a4780d06c05f9d04ba255caadb9e0002) Importer(815301076,1909f56bfc062723c751e8b465ee728b)
Start importing Assets/Low Poly Trees/FBX/Materials/Leaves.000.mat using Guid(a4780d06c05f9d04ba255caadb9e0002) Importer(815301076,1909f56bfc062723c751e8b465ee728b)  -> (artifact id: '89590ded812b71ab13528b0efd87c146') in 0.015780 seconds 
  Import took 0.018720 seconds .

========================================================================
Received Import Request.
  Time since last request: 0.000209 seconds.
  path: Assets/Low Poly Trees/FBX/Materials/Bark2.000.mat
  artifactKey: Guid(585bb4a4d414ff845a83036853739303) Importer(815301076,1909f56bfc062723c751e8b465ee728b)
Start importing Assets/Low Poly Trees/FBX/Materials/Bark2.000.mat using Guid(585bb4a4d414ff845a83036853739303) Importer(815301076,1909f56bfc062723c751e8b465ee728b)  -> (artifact id: 'd07a8a5a7eaf1fb8017e49e194284b4f') in 0.016314 seconds 
  Import took 0.019360 seconds .

========================================================================
Received Import Request.
  Time since last request: 0.000242 seconds.
  path: Assets/Low Poly Trees/FBX/Materials/Bark3.000.mat
  artifactKey: Guid(aa8a19d9bb35c154cb45a2b64b8629f6) Importer(815301076,1909f56bfc062723c751e8b465ee728b)
Start importing Assets/Low Poly Trees/FBX/Materials/Bark3.000.mat using Guid(aa8a19d9bb35c154cb45a2b64b8629f6) Importer(815301076,1909f56bfc062723c751e8b465ee728b)  -> (artifact id: '7833b97d338619cdd5439b3ec3f1e7a3') in 0.016529 seconds 
  Import took 0.020331 seconds .

========================================================================
Received Import Request.
  Time since last request: 0.000229 seconds.
  path: Assets/Low Poly Trees/FBX/Materials/Plant green.mat
  artifactKey: Guid(e57e301da0dd7334784c5adbc65da65e) Importer(815301076,1909f56bfc062723c751e8b465ee728b)
Start importing Assets/Low Poly Trees/FBX/Materials/Plant green.mat using Guid(e57e301da0dd7334784c5adbc65da65e) Importer(815301076,1909f56bfc062723c751e8b465ee728b)  -> (artifact id: '4cbc2e5c6eb47f6f2011bb4353a57385') in 0.013451 seconds 
  Import took 0.016987 seconds .

========================================================================
Received Import Request.
  Time since last request: 0.000208 seconds.
  path: Assets/Low Poly Trees/FBX/Materials/Plant mint.mat
  artifactKey: Guid(0f937d61e9066f648990c88beda2daa5) Importer(815301076,1909f56bfc062723c751e8b465ee728b)
Start importing Assets/Low Poly Trees/FBX/Materials/Plant mint.mat using Guid(0f937d61e9066f648990c88beda2daa5) Importer(815301076,1909f56bfc062723c751e8b465ee728b)  -> (artifact id: 'd65d7f93af40701517de721321016ca6') in 0.017066 seconds 
  Import took 0.020352 seconds .

========================================================================
Received Import Request.
  Time since last request: 0.000064 seconds.
  path: Assets/Low Poly Trees/FBX/Materials/Ice.mat
  artifactKey: Guid(b7b5e52902e6c894d8311c14f6088f73) Importer(815301076,1909f56bfc062723c751e8b465ee728b)
Start importing Assets/Low Poly Trees/FBX/Materials/Ice.mat using Guid(b7b5e52902e6c894d8311c14f6088f73) Importer(815301076,1909f56bfc062723c751e8b465ee728b)  -> (artifact id: '7bf7dafae76b6b6d46c2729570a8f579') in 0.021937 seconds 
  Import took 0.026002 seconds .

========================================================================
Received Import Request.
  Time since last request: 67.181276 seconds.
  path: Assets/Low Poly Trees/Prefabs/Trees/Autumn/TreeAutumn.prefab
  artifactKey: Guid(31f1359afa1123c48a8fa9127b7b0ebe) Importer(815301076,1909f56bfc062723c751e8b465ee728b)
Start importing Assets/Low Poly Trees/Prefabs/Trees/Autumn/TreeAutumn.prefab using Guid(31f1359afa1123c48a8fa9127b7b0ebe) Importer(815301076,1909f56bfc062723c751e8b465ee728b)  -> (artifact id: '4806c902c9a41233f1bbdad1c3fc1026') in 0.021407 seconds 
  Import took 0.024186 seconds .

========================================================================
Received Import Request.
  Time since last request: 0.000437 seconds.
  path: Assets/Low Poly Trees/Prefabs/Trees/Autumn/TreeAutumn7.prefab
  artifactKey: Guid(bcdf46ed1bd918c43a807c278515ec27) Importer(815301076,1909f56bfc062723c751e8b465ee728b)
Start importing Assets/Low Poly Trees/Prefabs/Trees/Autumn/TreeAutumn7.prefab using Guid(bcdf46ed1bd918c43a807c278515ec27) Importer(815301076,1909f56bfc062723c751e8b465ee728b)  -> (artifact id: 'd59c32798f5cbf98e11e72e2d294d75e') in 0.013704 seconds 
  Import took 0.016260 seconds .

========================================================================
Received Import Request.
  Time since last request: 0.000264 seconds.
  path: Assets/Low Poly Trees/Prefabs/Trees/Autumn/TreeAutumn5.prefab
  artifactKey: Guid(1afb384038eb2d14c95e87bd5066b93c) Importer(815301076,1909f56bfc062723c751e8b465ee728b)
Start importing Assets/Low Poly Trees/Prefabs/Trees/Autumn/TreeAutumn5.prefab using Guid(1afb384038eb2d14c95e87bd5066b93c) Importer(815301076,1909f56bfc062723c751e8b465ee728b)  -> (artifact id: 'f7130893047773505357846862e19863') in 0.016541 seconds 
  Import took 0.019366 seconds .

========================================================================
Received Import Request.
  Time since last request: 0.000388 seconds.
  path: Assets/Low Poly Trees/Prefabs/Trees/Autumn/TreeAutumn3.prefab
  artifactKey: Guid(5e4da5d29e2cc3e4cb3af1989af028d1) Importer(815301076,1909f56bfc062723c751e8b465ee728b)
Start importing Assets/Low Poly Trees/Prefabs/Trees/Autumn/TreeAutumn3.prefab using Guid(5e4da5d29e2cc3e4cb3af1989af028d1) Importer(815301076,1909f56bfc062723c751e8b465ee728b)  -> (artifact id: '45ca8b7f39ebb2aa32f3a1b820b380d0') in 0.013444 seconds 
  Import took 0.016001 seconds .

========================================================================
Received Import Request.
  Time since last request: 0.000415 seconds.
  path: Assets/Low Poly Trees/Prefabs/Trees/Autumn/TreeSummer10.prefab
  artifactKey: Guid(474817ae402c5e14c85636dd21cd838f) Importer(815301076,1909f56bfc062723c751e8b465ee728b)
Start importing Assets/Low Poly Trees/Prefabs/Trees/Autumn/TreeSummer10.prefab using Guid(474817ae402c5e14c85636dd21cd838f) Importer(815301076,1909f56bfc062723c751e8b465ee728b)  -> (artifact id: 'c58f7a3ce66607c341b422f34583fa0d') in 0.014775 seconds 
  Import took 0.017059 seconds .

========================================================================
Received Import Request.
  Time since last request: 0.000295 seconds.
  path: Assets/Low Poly Trees/Prefabs/Trees/Autumn/TreeSummer11.prefab
  artifactKey: Guid(f8e3be337e6fe384e8264cca7c671885) Importer(815301076,1909f56bfc062723c751e8b465ee728b)
Start importing Assets/Low Poly Trees/Prefabs/Trees/Autumn/TreeSummer11.prefab using Guid(f8e3be337e6fe384e8264cca7c671885) Importer(815301076,1909f56bfc062723c751e8b465ee728b)  -> (artifact id: 'a4a6376c78fdbceeac572f331c772975') in 0.016336 seconds 
  Import took 0.018689 seconds .

========================================================================
Received Import Request.
  Time since last request: 0.000262 seconds.
  path: Assets/Low Poly Trees/Prefabs/Trees/Autumn/TreeAutumn9.prefab
  artifactKey: Guid(a6b52e54ff2f7834fa116e8dd168afac) Importer(815301076,1909f56bfc062723c751e8b465ee728b)
Start importing Assets/Low Poly Trees/Prefabs/Trees/Autumn/TreeAutumn9.prefab using Guid(a6b52e54ff2f7834fa116e8dd168afac) Importer(815301076,1909f56bfc062723c751e8b465ee728b)  -> (artifact id: '07921599b81ab5e5bc461cb44ccb4267') in 0.017173 seconds 
  Import took 0.020586 seconds .

========================================================================
Received Import Request.
  Time since last request: 0.000250 seconds.
  path: Assets/Low Poly Trees/Prefabs/Trees/Autumn/TreeAutumn4.prefab
  artifactKey: Guid(39f3fb422f5c440458d37c32f3e1ee2c) Importer(815301076,1909f56bfc062723c751e8b465ee728b)
Start importing Assets/Low Poly Trees/Prefabs/Trees/Autumn/TreeAutumn4.prefab using Guid(39f3fb422f5c440458d37c32f3e1ee2c) Importer(815301076,1909f56bfc062723c751e8b465ee728b)  -> (artifact id: '1051a938a4e29ddf879d27070d8914fa') in 0.016537 seconds 
  Import took 0.018990 seconds .

========================================================================
Received Import Request.
  Time since last request: 0.000411 seconds.
  path: Assets/Low Poly Trees/Prefabs/Trees/Autumn/TreeAutumn10.prefab
  artifactKey: Guid(5f51fc713e480be4cb90a367be3fd3de) Importer(815301076,1909f56bfc062723c751e8b465ee728b)
Start importing Assets/Low Poly Trees/Prefabs/Trees/Autumn/TreeAutumn10.prefab using Guid(5f51fc713e480be4cb90a367be3fd3de) Importer(815301076,1909f56bfc062723c751e8b465ee728b)  -> (artifact id: 'f6f7ed4c8df4e1506b1b830ce8ce623f') in 0.022263 seconds 
  Import took 0.024846 seconds .

========================================================================
Received Import Request.
  Time since last request: 0.000260 seconds.
  path: Assets/Low Poly Trees/Prefabs/Trees/Autumn/TreeAutumn6.prefab
  artifactKey: Guid(893d8787b31a55d459d4bbbb9a75574b) Importer(815301076,1909f56bfc062723c751e8b465ee728b)
Start importing Assets/Low Poly Trees/Prefabs/Trees/Autumn/TreeAutumn6.prefab using Guid(893d8787b31a55d459d4bbbb9a75574b) Importer(815301076,1909f56bfc062723c751e8b465ee728b)  -> (artifact id: 'c86f161f317700dd129985472fd0de25') in 0.020130 seconds 
  Import took 0.022660 seconds .

========================================================================
Received Import Request.
  Time since last request: 0.000225 seconds.
  path: Assets/Low Poly Trees/Prefabs/Trees/Autumn/TreeAutumn2.prefab
  artifactKey: Guid(34c0dca502e38474cb18d936af53815c) Importer(815301076,1909f56bfc062723c751e8b465ee728b)
Start importing Assets/Low Poly Trees/Prefabs/Trees/Autumn/TreeAutumn2.prefab using Guid(34c0dca502e38474cb18d936af53815c) Importer(815301076,1909f56bfc062723c751e8b465ee728b)  -> (artifact id: 'cbc3cc3f3f0bed11537897644e7951d9') in 0.019352 seconds 
  Import took 0.022056 seconds .

========================================================================
Received Import Request.
  Time since last request: 0.000208 seconds.
  path: Assets/Low Poly Trees/Prefabs/Trees/Autumn/TreeAutumn8.prefab
  artifactKey: Guid(742ffc46b59aead4681cce6249469696) Importer(815301076,1909f56bfc062723c751e8b465ee728b)
Start importing Assets/Low Poly Trees/Prefabs/Trees/Autumn/TreeAutumn8.prefab using Guid(742ffc46b59aead4681cce6249469696) Importer(815301076,1909f56bfc062723c751e8b465ee728b)  -> (artifact id: '428daba8cc349d4d28d9546667de1372') in 0.016484 seconds 
  Import took 0.019378 seconds .

========================================================================
Received Import Request.
  Time since last request: 1.994053 seconds.
  path: Assets/Low Poly Trees/Prefabs/Trees/Spring/TreeSpring.prefab
  artifactKey: Guid(a8d8a77080f0be049a1454ff52463fb5) Importer(815301076,1909f56bfc062723c751e8b465ee728b)
Start importing Assets/Low Poly Trees/Prefabs/Trees/Spring/TreeSpring.prefab using Guid(a8d8a77080f0be049a1454ff52463fb5) Importer(815301076,1909f56bfc062723c751e8b465ee728b)  -> (artifact id: '3dd2b5415dbd53027dc7434cb3dc7cf5') in 0.016862 seconds 
  Import took 0.020297 seconds .

========================================================================
Received Import Request.
  Time since last request: 0.000254 seconds.
  path: Assets/Low Poly Trees/Prefabs/Trees/Spring/TreeSummer10.prefab
  artifactKey: Guid(c00503a2099b2564a9e651a8e47064f2) Importer(815301076,1909f56bfc062723c751e8b465ee728b)
Start importing Assets/Low Poly Trees/Prefabs/Trees/Spring/TreeSummer10.prefab using Guid(c00503a2099b2564a9e651a8e47064f2) Importer(815301076,1909f56bfc062723c751e8b465ee728b)  -> (artifact id: 'e04a9a9c6dc699d581ab16ae9b4ff308') in 0.015080 seconds 
  Import took 0.018135 seconds .

========================================================================
Received Import Request.
  Time since last request: 0.000409 seconds.
  path: Assets/Low Poly Trees/Prefabs/Trees/Spring/TreeSpring2.prefab
  artifactKey: Guid(0182b1fe633e1194c8982cf84ecdc426) Importer(815301076,1909f56bfc062723c751e8b465ee728b)
Start importing Assets/Low Poly Trees/Prefabs/Trees/Spring/TreeSpring2.prefab using Guid(0182b1fe633e1194c8982cf84ecdc426) Importer(815301076,1909f56bfc062723c751e8b465ee728b)  -> (artifact id: 'ebe6045687876cc769146da46e44bd77') in 0.014374 seconds 
  Import took 0.016536 seconds .

========================================================================
Received Import Request.
  Time since last request: 0.000393 seconds.
  path: Assets/Low Poly Trees/Prefabs/Trees/Spring/TreeSpring13.prefab
  artifactKey: Guid(29e588493d25c1a45af61b452815046c) Importer(815301076,1909f56bfc062723c751e8b465ee728b)
Start importing Assets/Low Poly Trees/Prefabs/Trees/Spring/TreeSpring13.prefab using Guid(29e588493d25c1a45af61b452815046c) Importer(815301076,1909f56bfc062723c751e8b465ee728b)  -> (artifact id: 'e233c9c93a0530a2b57caabda32fc574') in 0.028828 seconds 
  Import took 0.030969 seconds .

========================================================================
Received Import Request.
  Time since last request: 0.000266 seconds.
  path: Assets/Low Poly Trees/Prefabs/Trees/Spring/TreeSpring8.prefab
  artifactKey: Guid(88e9ee024975f7a4e9bad7518706178d) Importer(815301076,1909f56bfc062723c751e8b465ee728b)
Start importing Assets/Low Poly Trees/Prefabs/Trees/Spring/TreeSpring8.prefab using Guid(88e9ee024975f7a4e9bad7518706178d) Importer(815301076,1909f56bfc062723c751e8b465ee728b)  -> (artifact id: 'fbd0dd322622005ea9f9adeed081b967') in 0.015868 seconds 
  Import took 0.018550 seconds .

========================================================================
Received Import Request.
  Time since last request: 0.000267 seconds.
  path: Assets/Low Poly Trees/Prefabs/Trees/Spring/TreeSpring12.prefab
  artifactKey: Guid(a014da9a6f9ca3646972c250afbff884) Importer(815301076,1909f56bfc062723c751e8b465ee728b)
Start importing Assets/Low Poly Trees/Prefabs/Trees/Spring/TreeSpring12.prefab using Guid(a014da9a6f9ca3646972c250afbff884) Importer(815301076,1909f56bfc062723c751e8b465ee728b)  -> (artifact id: '3934a0bcafa0b4b06c7e0a3b9e1f48e4') in 0.019112 seconds 
  Import took 0.022735 seconds .

========================================================================
Received Import Request.
  Time since last request: 0.000282 seconds.
  path: Assets/Low Poly Trees/Prefabs/Trees/Spring/TreeSpring3.prefab
  artifactKey: Guid(10a35779b81560e49ad303bdc88f4c98) Importer(815301076,1909f56bfc062723c751e8b465ee728b)
Start importing Assets/Low Poly Trees/Prefabs/Trees/Spring/TreeSpring3.prefab using Guid(10a35779b81560e49ad303bdc88f4c98) Importer(815301076,1909f56bfc062723c751e8b465ee728b)  -> (artifact id: 'ed5e4575c9c45eccab1ca6d3063e5ae4') in 0.019672 seconds 
  Import took 0.022720 seconds .

========================================================================
Received Import Request.
  Time since last request: 0.000261 seconds.
  path: Assets/Low Poly Trees/Prefabs/Trees/Spring/TreeSpring9.prefab
  artifactKey: Guid(f243dbc5312946c44b7753a14a496be3) Importer(815301076,1909f56bfc062723c751e8b465ee728b)
Start importing Assets/Low Poly Trees/Prefabs/Trees/Spring/TreeSpring9.prefab using Guid(f243dbc5312946c44b7753a14a496be3) Importer(815301076,1909f56bfc062723c751e8b465ee728b)  -> (artifact id: '78cb9f59c19a52f68b2e4ea2bbe105cf') in 0.019917 seconds 
  Import took 0.023633 seconds .

========================================================================
Received Import Request.
  Time since last request: 0.000309 seconds.
  path: Assets/Low Poly Trees/Prefabs/Trees/Spring/TreeSummer11.prefab
  artifactKey: Guid(dc0176efa64e7034dbcbcdae0424feff) Importer(815301076,1909f56bfc062723c751e8b465ee728b)
Start importing Assets/Low Poly Trees/Prefabs/Trees/Spring/TreeSummer11.prefab using Guid(dc0176efa64e7034dbcbcdae0424feff) Importer(815301076,1909f56bfc062723c751e8b465ee728b)  -> (artifact id: '9638743b0a3923fe42c492e3d5bfbfa8') in 0.043785 seconds 
  Import took 0.046777 seconds .

========================================================================
Received Import Request.
  Time since last request: 0.000184 seconds.
  path: Assets/Low Poly Trees/Prefabs/Trees/Spring/TreeSpring4.prefab
  artifactKey: Guid(7fafb0f9537c5a74cae5061f15f0c04f) Importer(815301076,1909f56bfc062723c751e8b465ee728b)
Start importing Assets/Low Poly Trees/Prefabs/Trees/Spring/TreeSpring4.prefab using Guid(7fafb0f9537c5a74cae5061f15f0c04f) Importer(815301076,1909f56bfc062723c751e8b465ee728b)  -> (artifact id: '996411cca8137e0814cf8147ed7cb5a4') in 0.016706 seconds 
  Import took 0.019047 seconds .

========================================================================
Received Import Request.
  Time since last request: 0.000360 seconds.
  path: Assets/Low Poly Trees/Prefabs/Trees/Spring/TreeSpring5.prefab
  artifactKey: Guid(8665a95f90d42b646a2a98ab71721403) Importer(815301076,1909f56bfc062723c751e8b465ee728b)
Start importing Assets/Low Poly Trees/Prefabs/Trees/Spring/TreeSpring5.prefab using Guid(8665a95f90d42b646a2a98ab71721403) Importer(815301076,1909f56bfc062723c751e8b465ee728b)  -> (artifact id: '184439006c22024f5175c55a5bf31c3b') in 0.013980 seconds 
  Import took 0.016192 seconds .

========================================================================
Received Import Request.
  Time since last request: 0.000249 seconds.
  path: Assets/Low Poly Trees/Prefabs/Trees/Spring/TreeSpring7.prefab
  artifactKey: Guid(11993a56673922444b425baf4ba3ff9c) Importer(815301076,1909f56bfc062723c751e8b465ee728b)
Start importing Assets/Low Poly Trees/Prefabs/Trees/Spring/TreeSpring7.prefab using Guid(11993a56673922444b425baf4ba3ff9c) Importer(815301076,1909f56bfc062723c751e8b465ee728b)  -> (artifact id: '057f010dcdc7238d3a70d4b55f0dc564') in 0.013774 seconds 
  Import took 0.015911 seconds .

========================================================================
Received Import Request.
  Time since last request: 31.118577 seconds.
  path: Assets/Low Poly Trees/Prefabs/Bushes/Autumn
  artifactKey: Guid(410af418085d37c4cbb2deb0ce16b5a9) Importer(815301076,1909f56bfc062723c751e8b465ee728b)
Start importing Assets/Low Poly Trees/Prefabs/Bushes/Autumn using Guid(410af418085d37c4cbb2deb0ce16b5a9) Importer(815301076,1909f56bfc062723c751e8b465ee728b)  -> (artifact id: 'ca300619a1f1483b81ff5fbb233bb6b5') in 0.010996 seconds 
  Import took 0.014509 seconds .

========================================================================
Received Prepare
Registering precompiled user dll's ...
Registered in 0.164813 seconds.
Begin MonoManager ReloadAssembly
Native extension for WindowsStandalone target not found
Refreshing native plugins compatible for Editor in 0.45 ms, found 2 plugins.
Preloading 0 native plugins for Editor in 0.00 ms.
Mono: successfully reloaded assembly
- Completed reload, in  1.034 seconds
Domain Reload Profiling:
	ReloadAssembly (1035ms)
		BeginReloadAssembly (169ms)
			ExecutionOrderSort (0ms)
			DisableScriptedObjects (8ms)
			BackupInstance (0ms)
			ReleaseScriptingObjects (0ms)
			CreateAndSetChildDomain (71ms)
		EndReloadAssembly (770ms)
			LoadAssemblies (92ms)
			RebuildTransferFunctionScriptingTraits (0ms)
			SetupTypeCache (269ms)
			ReleaseScriptCaches (1ms)
			RebuildScriptCaches (32ms)
			SetupLoadedEditorAssemblies (301ms)
				LogAssemblyErrors (0ms)
				InitializePlatformSupportModulesInManaged (6ms)
				SetLoadedEditorAssemblies (1ms)
				RefreshPlugins (1ms)
				BeforeProcessingInitializeOnLoad (87ms)
				ProcessInitializeOnLoadAttributes (193ms)
				ProcessInitializeOnLoadMethodAttributes (9ms)
				AfterProcessingInitializeOnLoad (5ms)
				EditorAssembliesLoaded (0ms)
			ExecutionOrderSort2 (0ms)
			AwakeInstancesAfterBackupRestoration (8ms)
Platform modules already initialized, skipping
Refreshing native plugins compatible for Editor in 0.52 ms, found 2 plugins.
Preloading 0 native plugins for Editor in 0.00 ms.
Unloading 1494 Unused Serialized files (Serialized files now loaded: 0)
System memory in use before: 71.8 MB.
System memory in use after: 71.9 MB.

Unloading 14 unused Assets to reduce memory usage. Loaded Objects now: 1974.
Total: 3.889200 ms (FindLiveObjects: 0.137400 ms CreateObjectMapping: 0.096300 ms MarkObjects: 3.432400 ms  DeleteObjects: 0.221100 ms)

AssetImportParameters requested are different than current active one (requested -> active):
  custom:framework-win-MediaFoundation: 216162199b28c13a410421893ffa2e32 -> 
  custom:video-decoder-ogg-theora: a1e56fd34408186e4bbccfd4996cb3dc -> 
  custom:container-muxer-webm: aa71ff27fc2769a1b78a27578f13a17b -> 
  custom:container-demuxer-webm: 4f35f7cbe854078d1ac9338744f61a02 -> 
  custom:container-demuxer-ogg: 62fdf1f143b41e24485cea50d1cbac27 -> 
  custom:video-encoder-webm-vp8: eb34c28f22e8b96e1ab97ce403110664 -> 
  custom:video-codec-MediaFoundation-h265: 746d11721c4dcdbdad8f713fa42b33f4 -> 
  custom:video-decoder-webm-vp8: 9c59270c3fd7afecdb556c50c9e8de78 -> 
  custom:audio-decoder-ogg-vorbis: bf7c407c2cedff20999df2af8eb42d56 -> 
  custom:audio-encoder-webm-vorbis: bf7c407c2cedff20999df2af8eb42d56 -> 
========================================================================
Received Import Request.
  Time since last request: 524.282491 seconds.
  path: Assets/Low Poly Trees/Prefabs/Stones/Summer
  artifactKey: Guid(32abf9b44c3bf234fb4627c663b7a5f3) Importer(815301076,1909f56bfc062723c751e8b465ee728b)
Start importing Assets/Low Poly Trees/Prefabs/Stones/Summer using Guid(32abf9b44c3bf234fb4627c663b7a5f3) Importer(815301076,1909f56bfc062723c751e8b465ee728b)  -> (artifact id: '16a40bc712418dac26fda455a111e4a3') in 0.014399 seconds 
  Import took 0.017674 seconds .

========================================================================
Received Import Request.
  Time since last request: 118.484951 seconds.
  path: Assets/Low Poly Trees/Prefabs/Bushes/Autumn/BushAutumn.prefab
  artifactKey: Guid(3692fa6616a39854b9d13a4fda4df646) Importer(815301076,1909f56bfc062723c751e8b465ee728b)
Start importing Assets/Low Poly Trees/Prefabs/Bushes/Autumn/BushAutumn.prefab using Guid(3692fa6616a39854b9d13a4fda4df646) Importer(815301076,1909f56bfc062723c751e8b465ee728b)  -> (artifact id: '765a5d844670bfd69d50a5cb89f2972f') in 0.056083 seconds 
  Import took 0.066734 seconds .

========================================================================
Received Import Request.
  Time since last request: 0.000412 seconds.
  path: Assets/Low Poly Trees/Prefabs/Bushes/Autumn/BushAutumn9.prefab
  artifactKey: Guid(739d9f4c01c7ec546a44cf12a869afb0) Importer(815301076,1909f56bfc062723c751e8b465ee728b)
Start importing Assets/Low Poly Trees/Prefabs/Bushes/Autumn/BushAutumn9.prefab using Guid(739d9f4c01c7ec546a44cf12a869afb0) Importer(815301076,1909f56bfc062723c751e8b465ee728b)  -> (artifact id: 'bfc086903609324b98d0484b89249904') in 0.019555 seconds 
  Import took 0.022345 seconds .

========================================================================
Received Import Request.
  Time since last request: 0.000210 seconds.
  path: Assets/Low Poly Trees/Prefabs/Bushes/Autumn/BushAutumn2.prefab
  artifactKey: Guid(358f462350eef6d47a7f9758c11b9ed7) Importer(815301076,1909f56bfc062723c751e8b465ee728b)
Start importing Assets/Low Poly Trees/Prefabs/Bushes/Autumn/BushAutumn2.prefab using Guid(358f462350eef6d47a7f9758c11b9ed7) Importer(815301076,1909f56bfc062723c751e8b465ee728b)  -> (artifact id: '0f39987642e4bb723f1b88a7b87d4b7d') in 0.018541 seconds 
  Import took 0.021948 seconds .

========================================================================
Received Import Request.
  Time since last request: 0.000277 seconds.
  path: Assets/Low Poly Trees/Prefabs/Bushes/Autumn/BushAutumn10.prefab
  artifactKey: Guid(7988ed18829568f488d417ace93909c8) Importer(815301076,1909f56bfc062723c751e8b465ee728b)
Start importing Assets/Low Poly Trees/Prefabs/Bushes/Autumn/BushAutumn10.prefab using Guid(7988ed18829568f488d417ace93909c8) Importer(815301076,1909f56bfc062723c751e8b465ee728b)  -> (artifact id: 'fc5c79cf271c6abb20c8aa6d9fac0972') in 0.016715 seconds 
  Import took 0.019412 seconds .

========================================================================
Received Import Request.
  Time since last request: 0.000164 seconds.
  path: Assets/Low Poly Trees/Prefabs/Bushes/Autumn/BushAutumn6.prefab
  artifactKey: Guid(a3394794a013ba84080a606c8c6d8252) Importer(815301076,1909f56bfc062723c751e8b465ee728b)
Start importing Assets/Low Poly Trees/Prefabs/Bushes/Autumn/BushAutumn6.prefab using Guid(a3394794a013ba84080a606c8c6d8252) Importer(815301076,1909f56bfc062723c751e8b465ee728b)  -> (artifact id: 'd36cf555af028f26574ceb697343234d') in 0.020177 seconds 
  Import took 0.023205 seconds .

========================================================================
Received Import Request.
  Time since last request: 0.000252 seconds.
  path: Assets/Low Poly Trees/Prefabs/Bushes/Autumn/BushAutumn11.prefab
  artifactKey: Guid(af12248dc2229784aa7a8ad3fe8b9f07) Importer(815301076,1909f56bfc062723c751e8b465ee728b)
Start importing Assets/Low Poly Trees/Prefabs/Bushes/Autumn/BushAutumn11.prefab using Guid(af12248dc2229784aa7a8ad3fe8b9f07) Importer(815301076,1909f56bfc062723c751e8b465ee728b)  -> (artifact id: '40833437a43dbc2301870406649e86fb') in 0.015665 seconds 
  Import took 0.018816 seconds .

========================================================================
Received Import Request.
  Time since last request: 0.000282 seconds.
  path: Assets/Low Poly Trees/Prefabs/Bushes/Autumn/BushAutumn8.prefab
  artifactKey: Guid(ad0e7c26ce9e58e42addd1b4f234da29) Importer(815301076,1909f56bfc062723c751e8b465ee728b)
Start importing Assets/Low Poly Trees/Prefabs/Bushes/Autumn/BushAutumn8.prefab using Guid(ad0e7c26ce9e58e42addd1b4f234da29) Importer(815301076,1909f56bfc062723c751e8b465ee728b)  -> (artifact id: '6323dd0e2f84f8a0f6a61511f4944347') in 0.016924 seconds 
  Import took 0.020504 seconds .

========================================================================
Received Import Request.
  Time since last request: 0.000223 seconds.
  path: Assets/Low Poly Trees/Prefabs/Bushes/Autumn/BushAutumn12.prefab
  artifactKey: Guid(d061c59808d66654ba4620a1273247a8) Importer(815301076,1909f56bfc062723c751e8b465ee728b)
Start importing Assets/Low Poly Trees/Prefabs/Bushes/Autumn/BushAutumn12.prefab using Guid(d061c59808d66654ba4620a1273247a8) Importer(815301076,1909f56bfc062723c751e8b465ee728b)  -> (artifact id: '89b572e79d07a9a218875bca8c4d1825') in 0.015405 seconds 
  Import took 0.018758 seconds .

========================================================================
Received Import Request.
  Time since last request: 0.000230 seconds.
  path: Assets/Low Poly Trees/Prefabs/Bushes/Autumn/BushAutumn5.prefab
  artifactKey: Guid(55c2932a1e52b6c4f982d80c84e395e5) Importer(815301076,1909f56bfc062723c751e8b465ee728b)
Start importing Assets/Low Poly Trees/Prefabs/Bushes/Autumn/BushAutumn5.prefab using Guid(55c2932a1e52b6c4f982d80c84e395e5) Importer(815301076,1909f56bfc062723c751e8b465ee728b)  -> (artifact id: '1e3d8150ccee90fd0be2791cdb44afa4') in 0.019314 seconds 
  Import took 0.023180 seconds .

========================================================================
Received Import Request.
  Time since last request: 0.000244 seconds.
  path: Assets/Low Poly Trees/Prefabs/Bushes/Autumn/BushAutumn3.prefab
  artifactKey: Guid(bcbb569bfc744fb49b176f6482d25923) Importer(815301076,1909f56bfc062723c751e8b465ee728b)
Start importing Assets/Low Poly Trees/Prefabs/Bushes/Autumn/BushAutumn3.prefab using Guid(bcbb569bfc744fb49b176f6482d25923) Importer(815301076,1909f56bfc062723c751e8b465ee728b)  -> (artifact id: '927f45e1a6ad56be0ace267ab81a6707') in 0.017466 seconds 
  Import took 0.020709 seconds .

========================================================================
Received Import Request.
  Time since last request: 0.000227 seconds.
  path: Assets/Low Poly Trees/Prefabs/Bushes/Autumn/BushAutumn7.prefab
  artifactKey: Guid(b0d0ecadc3c04a641a027529e3972171) Importer(815301076,1909f56bfc062723c751e8b465ee728b)
Start importing Assets/Low Poly Trees/Prefabs/Bushes/Autumn/BushAutumn7.prefab using Guid(b0d0ecadc3c04a641a027529e3972171) Importer(815301076,1909f56bfc062723c751e8b465ee728b)  -> (artifact id: 'a31d9aa852c9c08f0d9eeb45c7212512') in 0.018184 seconds 
  Import took 0.021556 seconds .

========================================================================
Received Import Request.
  Time since last request: 0.000214 seconds.
  path: Assets/Low Poly Trees/Prefabs/Bushes/Autumn/BushAutumn4.prefab
  artifactKey: Guid(88441ddb7ce5ae84d9165b6749de03f9) Importer(815301076,1909f56bfc062723c751e8b465ee728b)
Start importing Assets/Low Poly Trees/Prefabs/Bushes/Autumn/BushAutumn4.prefab using Guid(88441ddb7ce5ae84d9165b6749de03f9) Importer(815301076,1909f56bfc062723c751e8b465ee728b)  -> (artifact id: 'b12459d44eb7f2bf1a14b3a6829d7c58') in 0.019418 seconds 
  Import took 0.023581 seconds .

========================================================================
Received Import Request.
  Time since last request: 2.572519 seconds.
  path: Assets/Low Poly Trees/Prefabs/Bushes/Summer
  artifactKey: Guid(422067600608ca84cafe323ed81a049b) Importer(815301076,1909f56bfc062723c751e8b465ee728b)
Start importing Assets/Low Poly Trees/Prefabs/Bushes/Summer using Guid(422067600608ca84cafe323ed81a049b) Importer(815301076,1909f56bfc062723c751e8b465ee728b)  -> (artifact id: '76fcd335ecb36d5fa97f1675f33ad26d') in 0.002938 seconds 
  Import took 0.005575 seconds .

========================================================================
Received Import Request.
  Time since last request: 0.058524 seconds.
  path: Assets/Low Poly Trees/Prefabs/Bushes/Summer/Bush.prefab
  artifactKey: Guid(c4f8210c7703b88469927cde283cafdf) Importer(815301076,1909f56bfc062723c751e8b465ee728b)
Start importing Assets/Low Poly Trees/Prefabs/Bushes/Summer/Bush.prefab using Guid(c4f8210c7703b88469927cde283cafdf) Importer(815301076,1909f56bfc062723c751e8b465ee728b)  -> (artifact id: 'c8f467f9af5a4815a19a4b85f41ed1ea') in 0.015421 seconds 
  Import took 0.018900 seconds .

========================================================================
Received Import Request.
  Time since last request: 0.000248 seconds.
  path: Assets/Low Poly Trees/Prefabs/Bushes/Summer/Bush12.prefab
  artifactKey: Guid(84d5cb306f8380c4fb4a171d7687c4b3) Importer(815301076,1909f56bfc062723c751e8b465ee728b)
Start importing Assets/Low Poly Trees/Prefabs/Bushes/Summer/Bush12.prefab using Guid(84d5cb306f8380c4fb4a171d7687c4b3) Importer(815301076,1909f56bfc062723c751e8b465ee728b)  -> (artifact id: 'ad19d8e838730ecc2789820d6de0446a') in 0.019345 seconds 
  Import took 0.023399 seconds .

========================================================================
Received Import Request.
  Time since last request: 0.000185 seconds.
  path: Assets/Low Poly Trees/Prefabs/Bushes/Summer/Bush2.prefab
  artifactKey: Guid(8b5f1ff27aedbea458be6371ce8c451f) Importer(815301076,1909f56bfc062723c751e8b465ee728b)
Start importing Assets/Low Poly Trees/Prefabs/Bushes/Summer/Bush2.prefab using Guid(8b5f1ff27aedbea458be6371ce8c451f) Importer(815301076,1909f56bfc062723c751e8b465ee728b)  -> (artifact id: 'f263bb211b8388b71ec46deecb66a6c6') in 0.018009 seconds 
  Import took 0.022439 seconds .

========================================================================
Received Import Request.
  Time since last request: 0.000261 seconds.
  path: Assets/Low Poly Trees/Prefabs/Bushes/Summer/Bush11.prefab
  artifactKey: Guid(e0427f2e7a89ad54b91655bad7785f71) Importer(815301076,1909f56bfc062723c751e8b465ee728b)
Start importing Assets/Low Poly Trees/Prefabs/Bushes/Summer/Bush11.prefab using Guid(e0427f2e7a89ad54b91655bad7785f71) Importer(815301076,1909f56bfc062723c751e8b465ee728b)  -> (artifact id: '2ca8a096679797ff42714a871cd08e84') in 0.019120 seconds 
  Import took 0.023733 seconds .

========================================================================
Received Import Request.
  Time since last request: 0.000196 seconds.
  path: Assets/Low Poly Trees/Prefabs/Bushes/Summer/Bush6.prefab
  artifactKey: Guid(078dcd191c42a45438bc4680c69ab47b) Importer(815301076,1909f56bfc062723c751e8b465ee728b)
Start importing Assets/Low Poly Trees/Prefabs/Bushes/Summer/Bush6.prefab using Guid(078dcd191c42a45438bc4680c69ab47b) Importer(815301076,1909f56bfc062723c751e8b465ee728b)  -> (artifact id: '7d58fd8c0a4f066695c17b4fa2acd795') in 0.019360 seconds 
  Import took 0.021948 seconds .

========================================================================
Received Import Request.
  Time since last request: 0.000226 seconds.
  path: Assets/Low Poly Trees/Prefabs/Bushes/Summer/Bush9.prefab
  artifactKey: Guid(fef8b2aa57efa344d8e1026a55a794c4) Importer(815301076,1909f56bfc062723c751e8b465ee728b)
Start importing Assets/Low Poly Trees/Prefabs/Bushes/Summer/Bush9.prefab using Guid(fef8b2aa57efa344d8e1026a55a794c4) Importer(815301076,1909f56bfc062723c751e8b465ee728b)  -> (artifact id: '5a27c04dd3d1548b49f40f4dee52b925') in 0.020101 seconds 
  Import took 0.024014 seconds .

========================================================================
Received Import Request.
  Time since last request: 0.000227 seconds.
  path: Assets/Low Poly Trees/Prefabs/Bushes/Summer/Bush4.prefab
  artifactKey: Guid(e066734309a9a194aa3f1806e5a664ee) Importer(815301076,1909f56bfc062723c751e8b465ee728b)
Start importing Assets/Low Poly Trees/Prefabs/Bushes/Summer/Bush4.prefab using Guid(e066734309a9a194aa3f1806e5a664ee) Importer(815301076,1909f56bfc062723c751e8b465ee728b)  -> (artifact id: '2a77ccd7cdf4ad1744f185ec5ce30147') in 0.017332 seconds 
  Import took 0.020898 seconds .

========================================================================
Received Import Request.
  Time since last request: 0.000219 seconds.
  path: Assets/Low Poly Trees/Prefabs/Bushes/Summer/Bush8.prefab
  artifactKey: Guid(48395cc5369fdf14b82d09b78783a082) Importer(815301076,1909f56bfc062723c751e8b465ee728b)
Start importing Assets/Low Poly Trees/Prefabs/Bushes/Summer/Bush8.prefab using Guid(48395cc5369fdf14b82d09b78783a082) Importer(815301076,1909f56bfc062723c751e8b465ee728b)  -> (artifact id: '4ef215a99bffd233f33231deb7300e19') in 0.022034 seconds 
  Import took 0.025256 seconds .

========================================================================
Received Import Request.
  Time since last request: 0.000218 seconds.
  path: Assets/Low Poly Trees/Prefabs/Bushes/Summer/Bush3.prefab
  artifactKey: Guid(a0fed0451144c4f47806ddf55c604ad9) Importer(815301076,1909f56bfc062723c751e8b465ee728b)
Start importing Assets/Low Poly Trees/Prefabs/Bushes/Summer/Bush3.prefab using Guid(a0fed0451144c4f47806ddf55c604ad9) Importer(815301076,1909f56bfc062723c751e8b465ee728b)  -> (artifact id: 'f02cd7f559bc22be200ff572b5f932ca') in 0.019986 seconds 
  Import took 0.023942 seconds .

========================================================================
Received Import Request.
  Time since last request: 0.000196 seconds.
  path: Assets/Low Poly Trees/Prefabs/Bushes/Summer/Bush5.prefab
  artifactKey: Guid(9b45911d1d2129e4cb64ed0267651a9b) Importer(815301076,1909f56bfc062723c751e8b465ee728b)
Start importing Assets/Low Poly Trees/Prefabs/Bushes/Summer/Bush5.prefab using Guid(9b45911d1d2129e4cb64ed0267651a9b) Importer(815301076,1909f56bfc062723c751e8b465ee728b)  -> (artifact id: '4a53d237dce74998ee46ddfceb7a2335') in 0.019506 seconds 
  Import took 0.022734 seconds .

========================================================================
Received Import Request.
  Time since last request: 0.000215 seconds.
  path: Assets/Low Poly Trees/Prefabs/Bushes/Summer/Bush7.prefab
  artifactKey: Guid(aa8cfdcd8ba86504bb5ab222e2c5116e) Importer(815301076,1909f56bfc062723c751e8b465ee728b)
Start importing Assets/Low Poly Trees/Prefabs/Bushes/Summer/Bush7.prefab using Guid(aa8cfdcd8ba86504bb5ab222e2c5116e) Importer(815301076,1909f56bfc062723c751e8b465ee728b)  -> (artifact id: '725e1742db17c4bfa3ca927acf40f471') in 0.020512 seconds 
  Import took 0.023880 seconds .

========================================================================
Received Import Request.
  Time since last request: 0.000200 seconds.
  path: Assets/Low Poly Trees/Prefabs/Bushes/Summer/Bush10.prefab
  artifactKey: Guid(c7561645e7998714c8c5ad5037abc0ab) Importer(815301076,1909f56bfc062723c751e8b465ee728b)
Start importing Assets/Low Poly Trees/Prefabs/Bushes/Summer/Bush10.prefab using Guid(c7561645e7998714c8c5ad5037abc0ab) Importer(815301076,1909f56bfc062723c751e8b465ee728b)  -> (artifact id: '150786d846b91abe0848aae2eb932653') in 0.023137 seconds 
  Import took 0.027076 seconds .

========================================================================
Received Prepare
Registering precompiled user dll's ...
Registered in 0.003514 seconds.
Begin MonoManager ReloadAssembly
Native extension for WindowsStandalone target not found
Refreshing native plugins compatible for Editor in 0.34 ms, found 2 plugins.
Preloading 0 native plugins for Editor in 0.00 ms.
Mono: successfully reloaded assembly
- Completed reload, in  0.873 seconds
Domain Reload Profiling:
	ReloadAssembly (873ms)
		BeginReloadAssembly (97ms)
			ExecutionOrderSort (0ms)
			DisableScriptedObjects (3ms)
			BackupInstance (0ms)
			ReleaseScriptingObjects (0ms)
			CreateAndSetChildDomain (30ms)
		EndReloadAssembly (718ms)
			LoadAssemblies (83ms)
			RebuildTransferFunctionScriptingTraits (0ms)
			SetupTypeCache (263ms)
			ReleaseScriptCaches (1ms)
			RebuildScriptCaches (35ms)
			SetupLoadedEditorAssemblies (253ms)
				LogAssemblyErrors (0ms)
				InitializePlatformSupportModulesInManaged (4ms)
				SetLoadedEditorAssemblies (0ms)
				RefreshPlugins (0ms)
				BeforeProcessingInitializeOnLoad (69ms)
				ProcessInitializeOnLoadAttributes (165ms)
				ProcessInitializeOnLoadMethodAttributes (9ms)
				AfterProcessingInitializeOnLoad (5ms)
				EditorAssembliesLoaded (0ms)
			ExecutionOrderSort2 (0ms)
			AwakeInstancesAfterBackupRestoration (6ms)
Platform modules already initialized, skipping
Refreshing native plugins compatible for Editor in 0.36 ms, found 2 plugins.
Preloading 0 native plugins for Editor in 0.00 ms.
Unloading 1494 Unused Serialized files (Serialized files now loaded: 0)
System memory in use before: 71.9 MB.
System memory in use after: 72.0 MB.

Unloading 14 unused Assets to reduce memory usage. Loaded Objects now: 1977.
Total: 2.943800 ms (FindLiveObjects: 0.224100 ms CreateObjectMapping: 0.077600 ms MarkObjects: 2.620500 ms  DeleteObjects: 0.020700 ms)

AssetImportParameters requested are different than current active one (requested -> active):
  custom:framework-win-MediaFoundation: 216162199b28c13a410421893ffa2e32 -> 
  custom:video-decoder-ogg-theora: a1e56fd34408186e4bbccfd4996cb3dc -> 
  custom:container-muxer-webm: aa71ff27fc2769a1b78a27578f13a17b -> 
  custom:container-demuxer-webm: 4f35f7cbe854078d1ac9338744f61a02 -> 
  custom:container-demuxer-ogg: 62fdf1f143b41e24485cea50d1cbac27 -> 
  custom:video-encoder-webm-vp8: eb34c28f22e8b96e1ab97ce403110664 -> 
  custom:video-codec-MediaFoundation-h265: 746d11721c4dcdbdad8f713fa42b33f4 -> 
  custom:video-decoder-webm-vp8: 9c59270c3fd7afecdb556c50c9e8de78 -> 
  custom:audio-decoder-ogg-vorbis: bf7c407c2cedff20999df2af8eb42d56 -> 
  custom:audio-encoder-webm-vorbis: bf7c407c2cedff20999df2af8eb42d56 -> 
========================================================================
Received Prepare
Registering precompiled user dll's ...
Registered in 0.004635 seconds.
Begin MonoManager ReloadAssembly
Native extension for WindowsStandalone target not found
Refreshing native plugins compatible for Editor in 0.33 ms, found 2 plugins.
Preloading 0 native plugins for Editor in 0.00 ms.
Mono: successfully reloaded assembly
- Completed reload, in  0.772 seconds
Domain Reload Profiling:
	ReloadAssembly (772ms)
		BeginReloadAssembly (102ms)
			ExecutionOrderSort (0ms)
			DisableScriptedObjects (4ms)
			BackupInstance (0ms)
			ReleaseScriptingObjects (0ms)
			CreateAndSetChildDomain (32ms)
		EndReloadAssembly (623ms)
			LoadAssemblies (68ms)
			RebuildTransferFunctionScriptingTraits (0ms)
			SetupTypeCache (216ms)
			ReleaseScriptCaches (1ms)
			RebuildScriptCaches (29ms)
			SetupLoadedEditorAssemblies (237ms)
				LogAssemblyErrors (0ms)
				InitializePlatformSupportModulesInManaged (4ms)
				SetLoadedEditorAssemblies (0ms)
				RefreshPlugins (0ms)
				BeforeProcessingInitializeOnLoad (61ms)
				ProcessInitializeOnLoadAttributes (160ms)
				ProcessInitializeOnLoadMethodAttributes (7ms)
				AfterProcessingInitializeOnLoad (4ms)
				EditorAssembliesLoaded (0ms)
			ExecutionOrderSort2 (0ms)
			AwakeInstancesAfterBackupRestoration (5ms)
Platform modules already initialized, skipping
Refreshing native plugins compatible for Editor in 0.40 ms, found 2 plugins.
Preloading 0 native plugins for Editor in 0.00 ms.
Unloading 1494 Unused Serialized files (Serialized files now loaded: 0)
System memory in use before: 71.9 MB.
System memory in use after: 72.0 MB.

Unloading 14 unused Assets to reduce memory usage. Loaded Objects now: 1979.
Total: 2.476500 ms (FindLiveObjects: 0.128200 ms CreateObjectMapping: 0.038300 ms MarkObjects: 2.274500 ms  DeleteObjects: 0.034100 ms)

AssetImportParameters requested are different than current active one (requested -> active):
  custom:framework-win-MediaFoundation: 216162199b28c13a410421893ffa2e32 -> 
  custom:video-decoder-ogg-theora: a1e56fd34408186e4bbccfd4996cb3dc -> 
  custom:container-muxer-webm: aa71ff27fc2769a1b78a27578f13a17b -> 
  custom:container-demuxer-webm: 4f35f7cbe854078d1ac9338744f61a02 -> 
  custom:container-demuxer-ogg: 62fdf1f143b41e24485cea50d1cbac27 -> 
  custom:video-encoder-webm-vp8: eb34c28f22e8b96e1ab97ce403110664 -> 
  custom:video-codec-MediaFoundation-h265: 746d11721c4dcdbdad8f713fa42b33f4 -> 
  custom:video-decoder-webm-vp8: 9c59270c3fd7afecdb556c50c9e8de78 -> 
  custom:audio-decoder-ogg-vorbis: bf7c407c2cedff20999df2af8eb42d56 -> 
  custom:audio-encoder-webm-vorbis: bf7c407c2cedff20999df2af8eb42d56 -> 
========================================================================
Received Prepare
Registering precompiled user dll's ...
Registered in 0.003776 seconds.
Begin MonoManager ReloadAssembly
Native extension for WindowsStandalone target not found
Refreshing native plugins compatible for Editor in 0.32 ms, found 2 plugins.
Preloading 0 native plugins for Editor in 0.00 ms.
Mono: successfully reloaded assembly
- Completed reload, in  1.089 seconds
Domain Reload Profiling:
	ReloadAssembly (1089ms)
		BeginReloadAssembly (152ms)
			ExecutionOrderSort (0ms)
			DisableScriptedObjects (3ms)
			BackupInstance (0ms)
			ReleaseScriptingObjects (0ms)
			CreateAndSetChildDomain (47ms)
		EndReloadAssembly (818ms)
			LoadAssemblies (109ms)
			RebuildTransferFunctionScriptingTraits (0ms)
			SetupTypeCache (292ms)
			ReleaseScriptCaches (1ms)
			RebuildScriptCaches (42ms)
			SetupLoadedEditorAssemblies (300ms)
				LogAssemblyErrors (0ms)
				InitializePlatformSupportModulesInManaged (4ms)
				SetLoadedEditorAssemblies (0ms)
				RefreshPlugins (0ms)
				BeforeProcessingInitializeOnLoad (73ms)
				ProcessInitializeOnLoadAttributes (207ms)
				ProcessInitializeOnLoadMethodAttributes (10ms)
				AfterProcessingInitializeOnLoad (5ms)
				EditorAssembliesLoaded (0ms)
			ExecutionOrderSort2 (0ms)
			AwakeInstancesAfterBackupRestoration (9ms)
Platform modules already initialized, skipping
Refreshing native plugins compatible for Editor in 0.32 ms, found 2 plugins.
Preloading 0 native plugins for Editor in 0.00 ms.
Unloading 1494 Unused Serialized files (Serialized files now loaded: 0)
System memory in use before: 71.9 MB.
System memory in use after: 72.0 MB.

Unloading 14 unused Assets to reduce memory usage. Loaded Objects now: 1981.
Total: 3.499500 ms (FindLiveObjects: 0.162900 ms CreateObjectMapping: 0.110600 ms MarkObjects: 3.203800 ms  DeleteObjects: 0.020500 ms)

AssetImportParameters requested are different than current active one (requested -> active):
  custom:framework-win-MediaFoundation: 216162199b28c13a410421893ffa2e32 -> 
  custom:video-decoder-ogg-theora: a1e56fd34408186e4bbccfd4996cb3dc -> 
  custom:container-muxer-webm: aa71ff27fc2769a1b78a27578f13a17b -> 
  custom:container-demuxer-webm: 4f35f7cbe854078d1ac9338744f61a02 -> 
  custom:container-demuxer-ogg: 62fdf1f143b41e24485cea50d1cbac27 -> 
  custom:video-encoder-webm-vp8: eb34c28f22e8b96e1ab97ce403110664 -> 
  custom:video-codec-MediaFoundation-h265: 746d11721c4dcdbdad8f713fa42b33f4 -> 
  custom:video-decoder-webm-vp8: 9c59270c3fd7afecdb556c50c9e8de78 -> 
  custom:audio-decoder-ogg-vorbis: bf7c407c2cedff20999df2af8eb42d56 -> 
  custom:audio-encoder-webm-vorbis: bf7c407c2cedff20999df2af8eb42d56 -> 
========================================================================
Received Import Request.
  Time since last request: 378.594694 seconds.
  path: Assets
  artifactKey: Guid(00000000000000001000000000000000) Importer(815301076,1909f56bfc062723c751e8b465ee728b)
Start importing Assets using Guid(00000000000000001000000000000000) Importer(815301076,1909f56bfc062723c751e8b465ee728b)  -> (artifact id: '42d402b061de3733987d63b9cc3b64de') in 0.010594 seconds 
  Import took 0.013218 seconds .

========================================================================
Received Import Request.
  Time since last request: 3.798174 seconds.
  path: Assets/Scripts
  artifactKey: Guid(507ea80966a7fe04bb4eb0d2064626a7) Importer(815301076,1909f56bfc062723c751e8b465ee728b)
Start importing Assets/Scripts using Guid(507ea80966a7fe04bb4eb0d2064626a7) Importer(815301076,1909f56bfc062723c751e8b465ee728b)  -> (artifact id: 'f5235258cd4c6f3db5ff93a7c01eb491') in 0.012431 seconds 
  Import took 0.015628 seconds .

========================================================================
Received Import Request.
  Time since last request: 11.560994 seconds.
  path: Assets/Scripts/Time.cs
  artifactKey: Guid(b7883472c5f2f6f4e819f29eea88aad3) Importer(815301076,1909f56bfc062723c751e8b465ee728b)
Start importing Assets/Scripts/Time.cs using Guid(b7883472c5f2f6f4e819f29eea88aad3) Importer(815301076,1909f56bfc062723c751e8b465ee728b)  -> (artifact id: 'ec83505af139ba4ca70690eca9e3f324') in 0.023880 seconds 
  Import took 0.027385 seconds .

========================================================================
Received Prepare
Registering precompiled user dll's ...
Registered in 0.026447 seconds.
Begin MonoManager ReloadAssembly
Native extension for WindowsStandalone target not found
Refreshing native plugins compatible for Editor in 0.36 ms, found 2 plugins.
Preloading 0 native plugins for Editor in 0.00 ms.
Mono: successfully reloaded assembly
- Completed reload, in  1.961 seconds
Domain Reload Profiling:
	ReloadAssembly (1962ms)
		BeginReloadAssembly (162ms)
			ExecutionOrderSort (0ms)
			DisableScriptedObjects (5ms)
			BackupInstance (0ms)
			ReleaseScriptingObjects (0ms)
			CreateAndSetChildDomain (62ms)
		EndReloadAssembly (1638ms)
			LoadAssemblies (128ms)
			RebuildTransferFunctionScriptingTraits (0ms)
			SetupTypeCache (845ms)
			ReleaseScriptCaches (8ms)
			RebuildScriptCaches (86ms)
			SetupLoadedEditorAssemblies (421ms)
				LogAssemblyErrors (0ms)
				InitializePlatformSupportModulesInManaged (5ms)
				SetLoadedEditorAssemblies (1ms)
				RefreshPlugins (0ms)
				BeforeProcessingInitializeOnLoad (122ms)
				ProcessInitializeOnLoadAttributes (273ms)
				ProcessInitializeOnLoadMethodAttributes (14ms)
				AfterProcessingInitializeOnLoad (5ms)
				EditorAssembliesLoaded (1ms)
			ExecutionOrderSort2 (0ms)
			AwakeInstancesAfterBackupRestoration (14ms)
Platform modules already initialized, skipping
Refreshing native plugins compatible for Editor in 0.49 ms, found 2 plugins.
Preloading 0 native plugins for Editor in 0.00 ms.
Unloading 1495 Unused Serialized files (Serialized files now loaded: 0)
System memory in use before: 72.0 MB.
System memory in use after: 72.1 MB.

Unloading 14 unused Assets to reduce memory usage. Loaded Objects now: 1984.
Total: 2.347800 ms (FindLiveObjects: 0.110000 ms CreateObjectMapping: 0.030500 ms MarkObjects: 2.187400 ms  DeleteObjects: 0.018800 ms)

AssetImportParameters requested are different than current active one (requested -> active):
  custom:framework-win-MediaFoundation: 216162199b28c13a410421893ffa2e32 -> 
  custom:video-decoder-ogg-theora: a1e56fd34408186e4bbccfd4996cb3dc -> 
  custom:container-muxer-webm: aa71ff27fc2769a1b78a27578f13a17b -> 
  custom:container-demuxer-webm: 4f35f7cbe854078d1ac9338744f61a02 -> 
  custom:container-demuxer-ogg: 62fdf1f143b41e24485cea50d1cbac27 -> 
  custom:video-encoder-webm-vp8: eb34c28f22e8b96e1ab97ce403110664 -> 
  custom:video-codec-MediaFoundation-h265: 746d11721c4dcdbdad8f713fa42b33f4 -> 
  custom:video-decoder-webm-vp8: 9c59270c3fd7afecdb556c50c9e8de78 -> 
  custom:audio-decoder-ogg-vorbis: bf7c407c2cedff20999df2af8eb42d56 -> 
  custom:audio-encoder-webm-vorbis: bf7c407c2cedff20999df2af8eb42d56 -> 
========================================================================
Received Import Request.
  Time since last request: 383.319917 seconds.
  path: Assets/Scripts/Time.cs
  artifactKey: Guid(b7883472c5f2f6f4e819f29eea88aad3) Importer(815301076,1909f56bfc062723c751e8b465ee728b)
Start importing Assets/Scripts/Time.cs using Guid(b7883472c5f2f6f4e819f29eea88aad3) Importer(815301076,1909f56bfc062723c751e8b465ee728b)  -> (artifact id: '7812bf06849ee0c245a3f7a84ea6ada2') in 0.014559 seconds 
  Import took 0.023156 seconds .

AssetImportWorkerClient::OnTransportError - code=2 error=End of file
